2022-11-22 19:54:00,733 [INFO] Activator:177 - 


2022-11-22 19:54:00,734 [INFO] Activator:178 - !SESSION log4j initialized
2022-11-22 19:54:23,725 [INFO] McuFinderGlobals:39 - Set McuFinder mode to 2 (CubeIDE integrated)
2022-11-22 19:54:23,827 [INFO] ApplicationProperties:181 - Using Application install path: C:\ST\STM32CubeIDE_1.7.0\STM32CubeIDE\plugins\com.st.stm32cube.common.mx_6.3.0.202107141111
2022-11-22 19:54:23,835 [INFO] DbMcusXml:74 - Set database path to: C:\ST\STM32CubeIDE_1.7.0\STM32CubeIDE\plugins\com.st.stm32cube.common.mx_6.3.0.202107141111\\db\/mcu/
2022-11-22 19:54:23,838 [INFO] DbBoardsPdsc:56 - Set plugin database path to: C:\ST\STM32CubeIDE_1.7.0\STM32CubeIDE\plugins\com.st.stm32cube.common.mx_6.3.0.202107141111\\db\/plugins/boardmanager/
2022-11-22 19:54:23,839 [INFO] DbMcus:258 - Set plugin images path to: C:\ST\STM32CubeIDE_1.7.0\STM32CubeIDE\plugins\com.st.stm32cube.common.mx_6.3.0.202107141111\\db\/plugins/mcufinder/images/
2022-11-22 19:54:23,839 [INFO] DbBoards:264 - Set plugin images path to: C:\ST\STM32CubeIDE_1.7.0\STM32CubeIDE\plugins\com.st.stm32cube.common.mx_6.3.0.202107141111\\db\/plugins/mcufinder/images/
2022-11-22 19:54:23,841 [INFO] DbExamples:333 - Set plugin images path to: C:\ST\STM32CubeIDE_1.7.0\STM32CubeIDE\plugins\com.st.stm32cube.common.mx_6.3.0.202107141111\\db\/plugins/mcufinder/images/
2022-11-22 19:54:23,844 [INFO] DbMcusAds:119 - Set database path to: C:\Users\PC\.stmcufinder\plugins\mcufinder//mcu/
2022-11-22 19:54:23,844 [INFO] DbMcusDocs:110 - Set database path to: C:\Users\PC\.stmcufinder\plugins\mcufinder//mcu/
2022-11-22 19:54:23,847 [INFO] DbMcusJson:64 - Set database path to: C:\Users\PC\.stmcufinder\plugins\mcufinder//mcu/
2022-11-22 19:54:23,847 [INFO] DbBoardsDocs:110 - Set database path to: C:\Users\PC\.stmcufinder\plugins\mcufinder//mcu/
2022-11-22 19:54:23,847 [INFO] DbBoardsJson:57 - Set database path to: C:\Users\PC\.stmcufinder\plugins\mcufinder//mcu/
2022-11-22 19:54:23,857 [INFO] CrossReferenceDbSqlite:196 - Set database path to: C:\Users\PC\.stmcufinder\plugins\mcufinder//mcu/cs/
2022-11-22 19:54:23,860 [INFO] DbExamplesSqlite:767 - Set database path to: C:\Users\PC\.stmcufinder\plugins\mcufinder//mcu/
2022-11-22 19:54:23,931 [INFO] RulesReader:57 - Compatibility file has been processed (242 Rules)
2022-11-22 19:54:23,993 [INFO] DbMcusXml:74 - Set database path to: C:\ST\STM32CubeIDE_1.7.0\STM32CubeIDE\plugins\com.st.stm32cube.common.mx_6.3.0.202107141111\\db\/mcu/
2022-11-22 19:54:23,994 [INFO] DbBoardsPdsc:56 - Set plugin database path to: C:\ST\STM32CubeIDE_1.7.0\STM32CubeIDE\plugins\com.st.stm32cube.common.mx_6.3.0.202107141111\\db\/plugins/boardmanager/
2022-11-22 19:54:23,994 [INFO] DbMcus:258 - Set plugin images path to: C:\ST\STM32CubeIDE_1.7.0\STM32CubeIDE\plugins\com.st.stm32cube.common.mx_6.3.0.202107141111\\db\/plugins/mcufinder/images/
2022-11-22 19:54:23,994 [INFO] DbBoards:264 - Set plugin images path to: C:\ST\STM32CubeIDE_1.7.0\STM32CubeIDE\plugins\com.st.stm32cube.common.mx_6.3.0.202107141111\\db\/plugins/mcufinder/images/
2022-11-22 19:54:23,994 [INFO] DbExamples:333 - Set plugin images path to: C:\ST\STM32CubeIDE_1.7.0\STM32CubeIDE\plugins\com.st.stm32cube.common.mx_6.3.0.202107141111\\db\/plugins/mcufinder/images/
2022-11-22 19:54:23,994 [WARN] DbFile:35 - Overriding database path with different value: C:\Users\PC\.stmcufinder\plugins\mcufinder/ => C:\Users\PC\.stmcufinder\plugins\mcufinder
2022-11-22 19:54:23,995 [INFO] DbMcusAds:119 - Set database path to: C:\Users\PC\.stmcufinder\plugins\mcufinder//mcu/
2022-11-22 19:54:23,995 [WARN] DbFile:35 - Overriding database path with different value: C:\Users\PC\.stmcufinder\plugins\mcufinder/ => C:\Users\PC\.stmcufinder\plugins\mcufinder
2022-11-22 19:54:23,995 [INFO] DbMcusDocs:110 - Set database path to: C:\Users\PC\.stmcufinder\plugins\mcufinder//mcu/
2022-11-22 19:54:23,995 [WARN] DbFile:35 - Overriding database path with different value: C:\Users\PC\.stmcufinder\plugins\mcufinder/ => C:\Users\PC\.stmcufinder\plugins\mcufinder
2022-11-22 19:54:23,995 [INFO] DbMcusJson:64 - Set database path to: C:\Users\PC\.stmcufinder\plugins\mcufinder//mcu/
2022-11-22 19:54:23,995 [WARN] DbFile:35 - Overriding database path with different value: C:\Users\PC\.stmcufinder\plugins\mcufinder/ => C:\Users\PC\.stmcufinder\plugins\mcufinder
2022-11-22 19:54:23,995 [INFO] DbBoardsDocs:110 - Set database path to: C:\Users\PC\.stmcufinder\plugins\mcufinder//mcu/
2022-11-22 19:54:23,995 [WARN] DbFile:35 - Overriding database path with different value: C:\Users\PC\.stmcufinder\plugins\mcufinder/ => C:\Users\PC\.stmcufinder\plugins\mcufinder
2022-11-22 19:54:23,995 [INFO] DbBoardsJson:57 - Set database path to: C:\Users\PC\.stmcufinder\plugins\mcufinder//mcu/
2022-11-22 19:54:23,995 [WARN] DbFile:35 - Overriding database path with different value: C:\Users\PC\.stmcufinder\plugins\mcufinder/ => C:\Users\PC\.stmcufinder\plugins\mcufinder
2022-11-22 19:54:23,996 [WARN] DbFile:35 - Overriding database path with different value: C:\Users\PC\.stmcufinder\plugins\mcufinder/ => C:\Users\PC\.stmcufinder\plugins\mcufinder
2022-11-22 19:54:23,996 [INFO] CrossReferenceDbSqlite:196 - Set database path to: C:\Users\PC\.stmcufinder\plugins\mcufinder//mcu/cs/
2022-11-22 19:54:23,996 [WARN] DbFile:35 - Overriding database path with different value: C:\Users\PC\.stmcufinder\plugins\mcufinder/ => C:\Users\PC\.stmcufinder\plugins\mcufinder
2022-11-22 19:54:23,996 [INFO] DbExamplesSqlite:767 - Set database path to: C:\Users\PC\.stmcufinder\plugins\mcufinder//mcu/
2022-11-22 19:54:24,043 [INFO] MainPanel:214 - HeapMemory: 268435456
2022-11-22 19:54:24,095 [INFO] DbMcusXml:74 - Set database path to: C:\ST\STM32CubeIDE_1.7.0\STM32CubeIDE\plugins\com.st.stm32cube.common.mx_6.3.0.202107141111\\db\/mcu/
2022-11-22 19:54:24,096 [INFO] DbBoardsPdsc:56 - Set plugin database path to: C:\ST\STM32CubeIDE_1.7.0\STM32CubeIDE\plugins\com.st.stm32cube.common.mx_6.3.0.202107141111\\db\/plugins/boardmanager/
2022-11-22 19:54:24,096 [INFO] DbMcus:258 - Set plugin images path to: C:\ST\STM32CubeIDE_1.7.0\STM32CubeIDE\plugins\com.st.stm32cube.common.mx_6.3.0.202107141111\\db\/plugins/mcufinder/images/
2022-11-22 19:54:24,096 [INFO] DbBoards:264 - Set plugin images path to: C:\ST\STM32CubeIDE_1.7.0\STM32CubeIDE\plugins\com.st.stm32cube.common.mx_6.3.0.202107141111\\db\/plugins/mcufinder/images/
2022-11-22 19:54:24,096 [INFO] DbExamples:333 - Set plugin images path to: C:\ST\STM32CubeIDE_1.7.0\STM32CubeIDE\plugins\com.st.stm32cube.common.mx_6.3.0.202107141111\\db\/plugins/mcufinder/images/
2022-11-22 19:54:24,096 [WARN] DbFile:35 - Overriding database path with different value: C:\Users\PC\.stmcufinder\plugins\mcufinder/ => C:\Users\PC\.stmcufinder\plugins\mcufinder
2022-11-22 19:54:24,096 [INFO] DbMcusAds:119 - Set database path to: C:\Users\PC\.stmcufinder\plugins\mcufinder//mcu/
2022-11-22 19:54:24,096 [WARN] DbFile:35 - Overriding database path with different value: C:\Users\PC\.stmcufinder\plugins\mcufinder/ => C:\Users\PC\.stmcufinder\plugins\mcufinder
2022-11-22 19:54:24,096 [INFO] DbMcusDocs:110 - Set database path to: C:\Users\PC\.stmcufinder\plugins\mcufinder//mcu/
2022-11-22 19:54:24,097 [WARN] DbFile:35 - Overriding database path with different value: C:\Users\PC\.stmcufinder\plugins\mcufinder/ => C:\Users\PC\.stmcufinder\plugins\mcufinder
2022-11-22 19:54:24,097 [INFO] DbMcusJson:64 - Set database path to: C:\Users\PC\.stmcufinder\plugins\mcufinder//mcu/
2022-11-22 19:54:24,097 [WARN] DbFile:35 - Overriding database path with different value: C:\Users\PC\.stmcufinder\plugins\mcufinder/ => C:\Users\PC\.stmcufinder\plugins\mcufinder
2022-11-22 19:54:24,097 [INFO] DbBoardsDocs:110 - Set database path to: C:\Users\PC\.stmcufinder\plugins\mcufinder//mcu/
2022-11-22 19:54:24,097 [WARN] DbFile:35 - Overriding database path with different value: C:\Users\PC\.stmcufinder\plugins\mcufinder/ => C:\Users\PC\.stmcufinder\plugins\mcufinder
2022-11-22 19:54:24,097 [INFO] DbBoardsJson:57 - Set database path to: C:\Users\PC\.stmcufinder\plugins\mcufinder//mcu/
2022-11-22 19:54:24,097 [WARN] DbFile:35 - Overriding database path with different value: C:\Users\PC\.stmcufinder\plugins\mcufinder/ => C:\Users\PC\.stmcufinder\plugins\mcufinder
2022-11-22 19:54:24,097 [WARN] DbFile:35 - Overriding database path with different value: C:\Users\PC\.stmcufinder\plugins\mcufinder/ => C:\Users\PC\.stmcufinder\plugins\mcufinder
2022-11-22 19:54:24,097 [INFO] CrossReferenceDbSqlite:196 - Set database path to: C:\Users\PC\.stmcufinder\plugins\mcufinder//mcu/cs/
2022-11-22 19:54:24,097 [WARN] DbFile:35 - Overriding database path with different value: C:\Users\PC\.stmcufinder\plugins\mcufinder/ => C:\Users\PC\.stmcufinder\plugins\mcufinder
2022-11-22 19:54:24,097 [INFO] DbExamplesSqlite:767 - Set database path to: C:\Users\PC\.stmcufinder\plugins\mcufinder//mcu/
2022-11-22 19:54:24,112 [INFO] ApplicationProperties:181 - Using Application install path: C:\ST\STM32CubeIDE_1.7.0\STM32CubeIDE\plugins\com.st.stm32cube.common.mx_6.3.0.202107141111
2022-11-22 19:54:24,113 [INFO] PluginManage:188 - Search for loadable plugins [exclusion list=, ]
2022-11-22 19:54:24,114 [INFO] PluginManage:302 - Check plugin analytics
2022-11-22 19:54:24,278 [INFO] AnalyticsPlugin:257 - Accepted Software Licenses: 
2022-11-22 19:54:24,278 [INFO] AnalyticsPlugin:259 - Accepted CMSIS Pack Licenses: 
2022-11-22 19:54:24,278 [INFO] AnalyticsPlugin:261 - Accepted Firmware Licenses: 
2022-11-22 19:54:24,278 [INFO] PluginManage:352 - Loaded plugin analytics (category:tool,tabindex:-1)
2022-11-22 19:54:24,278 [INFO] PluginManage:302 - Check plugin clock
2022-11-22 19:54:24,287 [INFO] PluginManage:352 - Loaded plugin clock (category:base,tabindex:2)
2022-11-22 19:54:24,288 [INFO] PluginManage:302 - Check plugin ddr
2022-11-22 19:54:24,289 [INFO] PluginManage:352 - Loaded plugin ddr (category:tool,tabindex:6)
2022-11-22 19:54:24,289 [INFO] PluginManage:302 - Check plugin filemanager
2022-11-22 19:54:24,382 [INFO] PluginManage:352 - Loaded plugin filemanager (category:base,tabindex:10)
2022-11-22 19:54:24,382 [INFO] PluginManage:302 - Check plugin ipmanager
2022-11-22 19:54:24,388 [INFO] PluginManage:352 - Loaded plugin ipmanager (category:base,tabindex:5)
2022-11-22 19:54:24,388 [INFO] PluginManage:302 - Check plugin pinoutandconfiguration
2022-11-22 19:54:24,395 [INFO] PluginManage:352 - Loaded plugin pinoutandconfiguration (category:base,tabindex:1)
2022-11-22 19:54:24,395 [INFO] PluginManage:302 - Check plugin pinoutconfig
2022-11-22 19:54:24,415 [INFO] PluginManage:352 - Loaded plugin pinoutconfig (category:base,tabindex:0)
2022-11-22 19:54:24,416 [INFO] PluginManage:302 - Check plugin power
2022-11-22 19:54:24,423 [INFO] PluginManage:352 - Loaded plugin power (category:power,tabindex:4)
2022-11-22 19:54:24,423 [INFO] PluginManage:302 - Check plugin projectmanager
2022-11-22 19:54:24,436 [INFO] PluginManage:352 - Loaded plugin projectmanager (category:projectmanager,tabindex:3)
2022-11-22 19:54:24,436 [INFO] PluginManage:302 - Check plugin thirdparty
2022-11-22 19:54:24,528 [WARN] IntegrityCheckThread:78 - waiting for thirdparty lock release [integrity check]
2022-11-22 19:54:24,528 [INFO] PluginManage:352 - Loaded plugin thirdparty (category:base,tabindex:-1)
2022-11-22 19:54:24,528 [INFO] IntegrityCheckThread:80 - entering critical section [integrity check]
2022-11-22 19:54:24,528 [INFO] PluginManage:302 - Check plugin tools
2022-11-22 19:54:24,528 [INFO] ThirdPartyUpdaterWithRetryManager:66 - Updater plugin not ready yet. [1/15]
2022-11-22 19:54:24,531 [INFO] PluginManage:352 - Loaded plugin tools (category:base,tabindex:7)
2022-11-22 19:54:24,531 [INFO] PluginManage:302 - Check plugin tutovideos
2022-11-22 19:54:24,693 [INFO] PluginManage:352 - Loaded plugin tutovideos (category:base,tabindex:-1)
2022-11-22 19:54:24,694 [INFO] PluginManage:302 - Check plugin updater
2022-11-22 19:54:24,703 [INFO] PluginManage:352 - Loaded plugin updater (category:base,tabindex:12)
2022-11-22 19:54:24,703 [INFO] PluginManage:275 - PluginManage : Loaded plugins [13]
2022-11-22 19:54:24,838 [INFO] PinOutPanel:1463 - setPackage(No Configuration,No Configuration)
2022-11-22 19:54:24,909 [INFO] IPUIPlugin:74 - create IPUIPlugin
2022-11-22 19:54:24,909 [INFO] PluginManager:213 - loadIPPluginJar : add adc
2022-11-22 19:54:24,910 [INFO] IPUIPlugin:74 - create IPUIPlugin
2022-11-22 19:54:24,911 [INFO] PluginManager:213 - loadIPPluginJar : add aes
2022-11-22 19:54:24,912 [INFO] IPUIPlugin:74 - create IPUIPlugin
2022-11-22 19:54:24,913 [INFO] PluginManager:213 - loadIPPluginJar : add can
2022-11-22 19:54:24,914 [INFO] IPUIPlugin:74 - create IPUIPlugin
2022-11-22 19:54:24,914 [INFO] PluginManager:213 - loadIPPluginJar : add comp
2022-11-22 19:54:24,915 [INFO] IPUIPlugin:74 - create IPUIPlugin
2022-11-22 19:54:24,915 [INFO] PluginManager:213 - loadIPPluginJar : add cryp
2022-11-22 19:54:24,917 [INFO] IPUIPlugin:74 - create IPUIPlugin
2022-11-22 19:54:24,917 [INFO] PluginManager:213 - loadIPPluginJar : add dfsdm
2022-11-22 19:54:24,937 [INFO] IPUIPlugin:74 - create IPUIPlugin
2022-11-22 19:54:24,938 [INFO] PluginManager:213 - loadIPPluginJar : add dma
2022-11-22 19:54:24,940 [INFO] IPUIPlugin:74 - create IPUIPlugin
2022-11-22 19:54:24,940 [INFO] PluginManager:213 - loadIPPluginJar : add dma3
2022-11-22 19:54:24,941 [INFO] IPUIPlugin:74 - create IPUIPlugin
2022-11-22 19:54:24,941 [INFO] PluginManager:213 - loadIPPluginJar : add fatfs
2022-11-22 19:54:24,944 [INFO] IPUIPlugin:74 - create IPUIPlugin
2022-11-22 19:54:24,945 [INFO] PluginManager:213 - loadIPPluginJar : add fmc
2022-11-22 19:54:24,949 [INFO] IPUIPlugin:74 - create IPUIPlugin
2022-11-22 19:54:24,949 [INFO] PluginManager:213 - loadIPPluginJar : add freertos
2022-11-22 19:54:24,950 [INFO] IPUIPlugin:74 - create IPUIPlugin
2022-11-22 19:54:24,950 [INFO] PluginManager:213 - loadIPPluginJar : add genericplugin
2022-11-22 19:54:24,952 [INFO] IPUIPlugin:74 - create IPUIPlugin
2022-11-22 19:54:24,952 [INFO] PluginManager:213 - loadIPPluginJar : add gfxmmu
2022-11-22 19:54:24,956 [INFO] IPUIPlugin:74 - create IPUIPlugin
2022-11-22 19:54:24,956 [INFO] PluginManager:213 - loadIPPluginJar : add gic
2022-11-22 19:54:24,959 [INFO] IPUIPlugin:74 - create IPUIPlugin
2022-11-22 19:54:24,959 [INFO] PluginManager:213 - loadIPPluginJar : add gpio
2022-11-22 19:54:24,960 [INFO] IPUIPlugin:74 - create IPUIPlugin
2022-11-22 19:54:24,961 [INFO] PluginManager:213 - loadIPPluginJar : add gtzc
2022-11-22 19:54:24,962 [INFO] IPUIPlugin:74 - create IPUIPlugin
2022-11-22 19:54:24,962 [INFO] PluginManager:213 - loadIPPluginJar : add hash
2022-11-22 19:54:24,965 [INFO] IPUIPlugin:74 - create IPUIPlugin
2022-11-22 19:54:24,965 [INFO] PluginManager:213 - loadIPPluginJar : add i2c
2022-11-22 19:54:24,967 [INFO] IPUIPlugin:74 - create IPUIPlugin
2022-11-22 19:54:24,967 [INFO] PluginManager:213 - loadIPPluginJar : add i2s
2022-11-22 19:54:24,970 [INFO] IPUIPlugin:74 - create IPUIPlugin
2022-11-22 19:54:24,970 [INFO] PluginManager:213 - loadIPPluginJar : add ipddr
2022-11-22 19:54:24,976 [INFO] IPUIPlugin:74 - create IPUIPlugin
2022-11-22 19:54:24,976 [INFO] PluginManager:213 - loadIPPluginJar : add linkedlist
2022-11-22 19:54:24,978 [INFO] IPUIPlugin:74 - create IPUIPlugin
2022-11-22 19:54:24,978 [INFO] PluginManager:213 - loadIPPluginJar : add lorawan
2022-11-22 19:54:24,979 [INFO] IPUIPlugin:74 - create IPUIPlugin
2022-11-22 19:54:24,979 [INFO] PluginManager:213 - loadIPPluginJar : add ltdc
2022-11-22 19:54:24,981 [INFO] IPUIPlugin:74 - create IPUIPlugin
2022-11-22 19:54:24,982 [INFO] PluginManager:213 - loadIPPluginJar : add mdma
2022-11-22 19:54:24,984 [INFO] IPUIPlugin:74 - create IPUIPlugin
2022-11-22 19:54:24,984 [INFO] PluginManager:213 - loadIPPluginJar : add nvic
2022-11-22 19:54:24,986 [INFO] IPUIPlugin:74 - create IPUIPlugin
2022-11-22 19:54:24,986 [INFO] PluginManager:213 - loadIPPluginJar : add opamp
2022-11-22 19:54:24,988 [INFO] IPUIPlugin:74 - create IPUIPlugin
2022-11-22 19:54:24,988 [INFO] PluginManager:213 - loadIPPluginJar : add openamp
2022-11-22 19:54:24,991 [INFO] IPUIPlugin:74 - create IPUIPlugin
2022-11-22 19:54:24,991 [INFO] PluginManager:213 - loadIPPluginJar : add pdm2pcm
2022-11-22 19:54:24,996 [INFO] IPUIPlugin:74 - create IPUIPlugin
2022-11-22 19:54:24,998 [INFO] PluginManager:213 - loadIPPluginJar : add plateformsettings
2022-11-22 19:54:25,000 [INFO] IPUIPlugin:74 - create IPUIPlugin
2022-11-22 19:54:25,000 [INFO] PluginManager:213 - loadIPPluginJar : add quadspi
2022-11-22 19:54:25,003 [INFO] IPUIPlugin:74 - create IPUIPlugin
2022-11-22 19:54:25,003 [INFO] PluginManager:213 - loadIPPluginJar : add resmgrutility
2022-11-22 19:54:25,005 [INFO] IPUIPlugin:74 - create IPUIPlugin
2022-11-22 19:54:25,005 [INFO] PluginManager:213 - loadIPPluginJar : add sai
2022-11-22 19:54:25,007 [INFO] IPUIPlugin:74 - create IPUIPlugin
2022-11-22 19:54:25,007 [INFO] PluginManager:213 - loadIPPluginJar : add spi
2022-11-22 19:54:25,010 [INFO] IPUIPlugin:74 - create IPUIPlugin
2022-11-22 19:54:25,010 [INFO] PluginManager:213 - loadIPPluginJar : add stm32_wpan
2022-11-22 19:54:25,011 [INFO] IPUIPlugin:74 - create IPUIPlugin
2022-11-22 19:54:25,011 [INFO] PluginManager:213 - loadIPPluginJar : add tim
2022-11-22 19:54:25,013 [INFO] IPUIPlugin:74 - create IPUIPlugin
2022-11-22 19:54:25,013 [INFO] PluginManager:213 - loadIPPluginJar : add touchsensing
2022-11-22 19:54:25,015 [INFO] IPUIPlugin:74 - create IPUIPlugin
2022-11-22 19:54:25,015 [INFO] PluginManager:213 - loadIPPluginJar : add tracer_emb
2022-11-22 19:54:25,016 [INFO] IPUIPlugin:74 - create IPUIPlugin
2022-11-22 19:54:25,016 [INFO] PluginManager:213 - loadIPPluginJar : add ts
2022-11-22 19:54:25,017 [INFO] IPUIPlugin:74 - create IPUIPlugin
2022-11-22 19:54:25,017 [INFO] PluginManager:213 - loadIPPluginJar : add tsc
2022-11-22 19:54:25,018 [INFO] IPUIPlugin:74 - create IPUIPlugin
2022-11-22 19:54:25,018 [INFO] PluginManager:213 - loadIPPluginJar : add ucpd
2022-11-22 19:54:25,021 [INFO] IPUIPlugin:74 - create IPUIPlugin
2022-11-22 19:54:25,021 [INFO] PluginManager:213 - loadIPPluginJar : add usart
2022-11-22 19:54:25,023 [INFO] IPUIPlugin:74 - create IPUIPlugin
2022-11-22 19:54:25,023 [INFO] PluginManager:213 - loadIPPluginJar : add usbx
2022-11-22 19:54:25,280 [FATAL] Updater:294 - Updater called before beeing initialized
2022-11-22 19:54:25,382 [FATAL] Updater:294 - Updater called before beeing initialized
2022-11-22 19:54:25,386 [INFO] DbMcusAds:47 - JSON generation date=Thu Sep 30 13:56:37 ICT 2021 (1632984997303)
2022-11-22 19:54:25,386 [FATAL] Updater:294 - Updater called before beeing initialized
2022-11-22 19:54:25,417 [WARN] DetailPanel:314 - Failed to get advertising image, set to default
2022-11-22 19:54:25,496 [FATAL] Updater:294 - Updater called before beeing initialized
2022-11-22 19:54:25,497 [FATAL] Updater:294 - Updater called before beeing initialized
2022-11-22 19:54:25,497 [FATAL] Updater:294 - Updater called before beeing initialized
2022-11-22 19:54:25,498 [WARN] DetailPanel:314 - Failed to get advertising image, set to default
2022-11-22 19:54:25,499 [FATAL] Updater:294 - Updater called before beeing initialized
2022-11-22 19:54:25,542 [ERROR] Updater:1075 - MainUpdater not yet initialized. External WinMGr cannot be set.
2022-11-22 19:54:25,544 [INFO] Updater:1012 - Updater Version found : 6.3.0
2022-11-22 19:54:25,557 [INFO] ApplicationProperties:181 - Using Application install path: C:\ST\STM32CubeIDE_1.7.0\STM32CubeIDE\plugins\com.st.stm32cube.common.mx_6.3.0.202107141111
2022-11-22 19:54:26,833 [INFO] MainUpdater:2671 - connection check result : 10
2022-11-22 19:54:26,834 [INFO] MainUpdater:265 - Updater Check For Update Now.
2022-11-22 19:54:26,834 [INFO] MicroXplorer:478 - Change Database Version : DB.6.0.30
2022-11-22 19:54:26,977 [INFO] CheckServerUpdateThread:112 - End of CheckServer Thread
2022-11-22 19:54:27,054 [INFO] MainUpdater:2671 - connection check result : 10
2022-11-22 19:54:27,278 [INFO] McuFinderGlobals:52 - Set McuFinderConnectedMode to false
2022-11-22 19:54:27,376 [INFO] CrossSelectorPresenter:1330 - Cross Selector saved comparison directory: C:\Users\PC\.stmcufinder\plugins\mcufinder\mcu\cs_comparisons_mx
2022-11-22 19:54:27,382 [INFO] MultiScanPanel:197 - Auto-refresh data requested => check proxy status ongoing
2022-11-22 19:54:27,382 [INFO] MultiScanPanel:201 - Proxy status is invalid
2022-11-22 19:54:27,385 [INFO] FinderPluginLoader:87 - Searching for filters in installed packs
2022-11-22 19:54:27,388 [INFO] DbMcusXml:100 - Load MCU database from C:\ST\STM32CubeIDE_1.7.0\STM32CubeIDE\plugins\com.st.stm32cube.common.mx_6.3.0.202107141111\\db\/mcu/families.xml
2022-11-22 19:54:27,670 [WARN] PackLoader:238 - Cannot read IP mode file for STMicroelectronics.X-CUBE-GNSS1.6.0.0
2022-11-22 19:54:27,707 [WARN] PackLoader:238 - Cannot read IP mode file for STMicroelectronics.X-CUBE-AZRTOS-F4.1.1.0
2022-11-22 19:54:27,718 [WARN] PackLoader:238 - Cannot read IP mode file for STMicroelectronics.X-CUBE-BLEMGR.1.2.0
2022-11-22 19:54:27,751 [WARN] PackLoader:238 - Cannot read IP mode file for STMicroelectronics.X-CUBE-AZRTOS-F7.1.1.0
2022-11-22 19:54:27,758 [WARN] PackLoader:238 - Cannot read IP mode file for STMicroelectronics.X-CUBE-BLE1.6.2.3
2022-11-22 19:54:27,764 [WARN] PackLoader:238 - Cannot read IP mode file for STMicroelectronics.X-CUBE-NFC4.2.0.5
2022-11-22 19:54:27,773 [WARN] PackLoader:238 - Cannot read IP mode file for STMicroelectronics.X-CUBE-NFC4.2.0.4
2022-11-22 19:54:27,787 [WARN] PackLoader:238 - Cannot read IP mode file for STMicroelectronics.X-CUBE-TOF1.3.1.0
2022-11-22 19:54:27,800 [WARN] PackLoader:238 - Cannot read IP mode file for wolfSSL.I-CUBE-wolfSSL.5.5.0
2022-11-22 19:54:27,806 [WARN] PackLoader:238 - Cannot read IP mode file for STMicroelectronics.X-CUBE-NFC7.1.0.0
2022-11-22 19:54:27,867 [WARN] PackLoader:238 - Cannot read IP mode file for STMicroelectronics.X-CUBE-MEMS1.9.3.0
2022-11-22 19:54:28,097 [WARN] PackLoader:238 - Cannot read IP mode file for STMicroelectronics.X-CUBE-AI.7.2.0
2022-11-22 19:54:28,101 [WARN] PackLoader:238 - Cannot read IP mode file for STMicroelectronics.X-CUBE-SFXS2LP1.4.0.0
2022-11-22 19:54:28,106 [WARN] PackLoader:238 - Cannot read IP mode file for STMicroelectronics.X-CUBE-BLE2.3.3.0
2022-11-22 19:54:28,114 [WARN] PackLoader:238 - Cannot read IP mode file for STMicroelectronics.X-CUBE-DISPLAY.2.2.0
2022-11-22 19:54:28,123 [WARN] PackLoader:238 - Cannot read IP mode file for STMicroelectronics.X-CUBE-TOF1.3.2.0
2022-11-22 19:54:28,142 [WARN] PackLoader:238 - Cannot read IP mode file for STMicroelectronics.X-CUBE-ISPU.1.0.0
2022-11-22 19:54:28,145 [WARN] PackLoader:238 - Cannot read IP mode file for STMicroelectronics.X-CUBE-ISPU.1.1.0
2022-11-22 19:54:28,153 [WARN] PackLoader:238 - Cannot read IP mode file for RoweBots.I-CUBE-UNISONRTOS.5.5.0-4
2022-11-22 19:54:28,154 [INFO] DbMcusJson:93 - JSON generation date=Tue Nov 16 23:17:54 ICT 2021 (1637079474)
2022-11-22 19:54:28,178 [WARN] PackLoader:238 - Cannot read IP mode file for STMicroelectronics.X-CUBE-AZRTOS-H7.2.1.0
2022-11-22 19:54:28,187 [WARN] PackLoader:238 - Cannot read IP mode file for STMicroelectronics.X-CUBE-BLEMGR.1.0.0
2022-11-22 19:54:28,190 [WARN] PackLoader:238 - Cannot read IP mode file for STMicroelectronics.X-CUBE-AI.7.3.0
2022-11-22 19:54:28,195 [WARN] PackLoader:238 - Cannot read IP mode file for STMicroelectronics.X-CUBE-ALGOBUILD.1.3.0
2022-11-22 19:54:28,219 [WARN] PackLoader:238 - Cannot read IP mode file for STMicroelectronics.X-CUBE-AZRTOS-G0.1.1.0
2022-11-22 19:54:28,234 [WARN] PackLoader:238 - Cannot read IP mode file for STMicroelectronics.X-CUBE-SUBG2.5.0.0
2022-11-22 19:54:28,278 [WARN] PackLoader:238 - Cannot read IP mode file for SEGGER.I-CUBE-embOS.1.2.0
2022-11-22 19:54:28,322 [WARN] PackLoader:238 - Cannot read IP mode file for STMicroelectronics.FP-ATR-ASTRA1.1.1.1
2022-11-22 19:54:28,342 [WARN] PackLoader:238 - Cannot read IP mode file for STMicroelectronics.X-CUBE-AZRTOS-G4.1.0.0
2022-11-22 19:54:28,348 [WARN] PackLoader:238 - Cannot read IP mode file for STMicroelectronics.FP-ATR-SIGFOX1.3.2.0
2022-11-22 19:54:28,381 [WARN] PackLoader:238 - Cannot read IP mode file for STMicroelectronics.X-CUBE-AZRTOS-L4.1.0.0
2022-11-22 19:54:28,392 [WARN] PackLoader:238 - Cannot read IP mode file for emotas.I-CUBE-CANOPEN.1.1.2
2022-11-22 19:54:28,399 [WARN] PackLoader:238 - Cannot read IP mode file for STMicroelectronics.X-CUBE-TOUCHGFX.4.20.0
2022-11-22 19:54:28,421 [WARN] PackLoader:238 - Cannot read IP mode file for STMicroelectronics.X-CUBE-AZRTOS-WL.1.0.0
2022-11-22 19:54:28,431 [WARN] PackLoader:238 - Cannot read IP mode file for portGmbH.I-Cube-SoM-uGOAL.1.1.0
2022-11-22 19:54:28,438 [WARN] PackLoader:238 - Cannot read IP mode file for STMicroelectronics.X-CUBE-ALS.1.0.1
2022-11-22 19:54:28,454 [WARN] PackLoader:238 - Cannot read IP mode file for STMicroelectronics.X-CUBE-AZRTOS-L5.1.0.0
2022-11-22 19:54:28,462 [WARN] PackLoader:238 - Cannot read IP mode file for STMicroelectronics.X-CUBE-EEPRMA1.3.1.1
2022-11-22 19:54:28,465 [INFO] ThirdParty:915 - Integrity check success = true
2022-11-22 19:54:28,466 [INFO] IntegrityCheckThread:94 - exiting critical section [integrity check]
2022-11-22 19:54:28,466 [INFO] IntegrityCheckThread:97 - End integrity checks thread
2022-11-22 19:54:28,842 [INFO] DbMcus:175 - Found 1951 MCUs (1903 are supported by CubeMX, 1914 are visible in CubeMX)
2022-11-22 19:54:28,842 [INFO] ApiDb:251 - Load user favorites file C:\Users\PC/.stm32cubeide/favorites.mcus.txt: 0 item(s)
2022-11-22 19:54:28,842 [INFO] ApiDb:255 - User favorites MCUs=[]
2022-11-22 19:54:28,842 [INFO] DbMcus:187 - Set 0 / 0 favorites MCUs
2022-11-22 19:54:29,375 [INFO] DetailPanel:309 - Set advertising image to C:/Users/PC/STM32Cube/Repository/\en.Prom_NBSTM32U50921.jpg
2022-11-22 19:54:29,902 [INFO] DbBoardsPdsc:90 - Found 25 items
2022-11-22 19:54:29,911 [INFO] DbBoardsPdsc:90 - Found 9 items
2022-11-22 19:54:29,923 [INFO] DbBoardsPdsc:90 - Found 33 items
2022-11-22 19:54:29,932 [INFO] DbBoardsPdsc:90 - Found 1 items
2022-11-22 19:54:29,946 [INFO] DbBoardsPdsc:90 - Found 48 items
2022-11-22 19:54:29,961 [INFO] DbBoardsPdsc:90 - Found 43 items
2022-11-22 19:54:29,972 [INFO] DbBoardsPdsc:90 - Found 2 items
2022-11-22 19:54:29,980 [INFO] DbBoardsPdsc:90 - Found 5 items
2022-11-22 19:54:29,986 [WARN] DbBoardsPdsc:254 - Board STM32H7B3I-DK: unknown feature type=Audio, name=, username=Audio stereo codec with Headphone Amp (CS42L51-CNZ), n=1
2022-11-22 19:54:29,986 [WARN] DbBoardsPdsc:254 - Board STM32H735G-DK: unknown feature type=Audio, name=, username=Audio stereo codec with Headphone Amp (WM8994ECS/R), n=1
2022-11-22 19:54:29,987 [WARN] DbBoardsPdsc:254 - Board STM32H7B3I-EVAL: unknown feature type=Audio, name=, username=Multi-Channel Audio Codec (CS42L51-CNZ), n=1
2022-11-22 19:54:29,987 [WARN] DbBoardsPdsc:254 - Board STM32H7B3I-EVAL: unknown feature type=Meter, name=, username=Power-metering and Temperature-monitoring with sigma-delta modulators, n=1
2022-11-22 19:54:29,988 [WARN] DbBoardsPdsc:254 - Board STM32H7B3I-EVAL: unknown feature type=Motor, name=, username=Motor Control, n=1
2022-11-22 19:54:29,988 [WARN] DbBoardsPdsc:254 - Board STM32U575I-EV: unknown feature type=joystick, name=, username=4-direction joystick with selection button, n=1
2022-11-22 19:54:30,026 [INFO] DbBoardsJson:86 - JSON generation date=Tue Nov 16 23:17:54 ICT 2021 (1637079474)
2022-11-22 19:54:30,033 [INFO] DbBoards:117 - Found 167 boards (163 are supported by CubeMX)
2022-11-22 19:54:30,044 [INFO] DbBoardsDocs:143 - JSON generation date=Tue Nov 16 23:17:54 ICT 2021 (1637079474)
2022-11-22 19:54:30,047 [INFO] DbBoardsDocs:79 - Found 209 boards documents
2022-11-22 19:54:30,049 [WARN] DbBoards:127 - board B-L475E-IOT01A2 has no document id list !
2022-11-22 19:54:30,049 [WARN] DbBoards:127 - board NUCLEO-H743ZI has no document id list !
2022-11-22 19:54:30,050 [WARN] DbBoards:127 - board NUCLEO-WL55JC2 has no document id list !
2022-11-22 19:54:30,050 [WARN] DbBoards:127 - board P-NUCLEO-WB55-Nucleo has no document id list !
2022-11-22 19:54:30,050 [WARN] DbBoards:127 - board P-NUCLEO-WB55-USBDongle has no document id list !
2022-11-22 19:54:30,050 [WARN] DbBoards:127 - board STEVAL-BFA001V1B has no document id list !
2022-11-22 19:54:30,050 [WARN] DbBoards:127 - board STEVAL-BFA001V2B has no document id list !
2022-11-22 19:54:30,050 [WARN] DbBoards:127 - board STEVAL-IDP005V1 has no document id list !
2022-11-22 19:54:30,051 [WARN] DbBoards:127 - board STEVAL-IDP005V2 has no document id list !
2022-11-22 19:54:30,051 [WARN] DbBoards:127 - board STEVAL-MKSBOX1V1 has no document id list !
2022-11-22 19:54:30,051 [WARN] DbBoards:127 - board STEVAL-STWINKT1 has no document id list !
2022-11-22 19:54:30,051 [WARN] DbBoards:127 - board STEVAL-STWINKT1B has no document id list !
2022-11-22 19:54:30,051 [WARN] DbBoards:127 - board STM32439I-EVAL2 has no document id list !
2022-11-22 19:54:30,051 [WARN] DbBoards:127 - board STM32F401C-DISCO has no document id list !
2022-11-22 19:54:30,052 [WARN] DbBoards:127 - board STM32F769I-DISC1 has no document id list !
2022-11-22 19:54:30,052 [WARN] DbBoards:127 - board STM32G474E-EVAL1 has no document id list !
2022-11-22 19:54:30,052 [WARN] DbBoards:127 - board STM32H743I-EVAL2 has no document id list !
2022-11-22 19:54:30,052 [WARN] DbBoards:127 - board STM32H747I-DISC1 has no document id list !
2022-11-22 19:54:30,052 [WARN] DbBoards:127 - board STM32H753I-EVAL2 has no document id list !
2022-11-22 19:54:30,053 [WARN] DbBoards:127 - board STM32L-DISCOVERY has no document id list !
2022-11-22 19:54:30,199 [ERROR] DbBoards:189 - Image file not found for board B-U585I-IOT02A: C:\ST\STM32CubeIDE_1.7.0\STM32CubeIDE\plugins\com.st.stm32cube.common.mx_6.3.0.202107141111\\db\/plugins/mcufinder/images/boards/B-U585I-IOT02A_small.jpg
2022-11-22 19:54:30,316 [ERROR] DbBoards:189 - Image file not found for board NUCLEO-F413ZH: C:\ST\STM32CubeIDE_1.7.0\STM32CubeIDE\plugins\com.st.stm32cube.common.mx_6.3.0.202107141111\\db\/plugins/mcufinder/images/boards/nucleo-f413zh_small.jpg
2022-11-22 19:54:30,537 [ERROR] DbBoards:189 - Image file not found for board NUCLEO-L552ZE-Q: C:\ST\STM32CubeIDE_1.7.0\STM32CubeIDE\plugins\com.st.stm32cube.common.mx_6.3.0.202107141111\\db\/plugins/mcufinder/images/boards/nucleo_l552ze_q_small.jpg
2022-11-22 19:54:30,538 [ERROR] DbBoards:189 - Image file not found for board NUCLEO-U575ZI-Q: C:\ST\STM32CubeIDE_1.7.0\STM32CubeIDE\plugins\com.st.stm32cube.common.mx_6.3.0.202107141111\\db\/plugins/mcufinder/images/boards/nucleo-u575zi-q_small.jpg
2022-11-22 19:54:30,538 [ERROR] DbBoards:189 - Image file not found for board NUCLEO-WB15CC: C:\ST\STM32CubeIDE_1.7.0\STM32CubeIDE\plugins\com.st.stm32cube.common.mx_6.3.0.202107141111\\db\/plugins/mcufinder/images/boards/nucleo-wb15cc_small.jpg
2022-11-22 19:54:30,538 [ERROR] DbBoards:189 - Image file not found for board NUCLEO-WB55RG: C:\ST\STM32CubeIDE_1.7.0\STM32CubeIDE\plugins\com.st.stm32cube.common.mx_6.3.0.202107141111\\db\/plugins/mcufinder/images/boards/nucleo-wb55rg_small.jpg
2022-11-22 19:54:31,788 [INFO] ApiDb:251 - Load user favorites file C:\Users\PC/.stm32cubeide/favorites.boards.txt: 0 item(s)
2022-11-22 19:54:31,788 [INFO] ApiDb:255 - User favorites Boards=[]
2022-11-22 19:54:31,788 [INFO] DbBoards:206 - Set 0 / 0 favorites Boards
2022-11-22 19:54:47,978 [INFO] DbMcusDocs:143 - JSON generation date=Tue Nov 16 23:17:54 ICT 2021 (1637079474)
2022-11-22 19:54:48,250 [INFO] DbMcusDocs:79 - Found 682 MCUs documents
2022-11-22 19:55:00,088 [INFO] MainUpdater:2671 - connection check result : 10
2022-11-22 19:55:00,088 [INFO] MainUpdater:2671 - connection check result : 10
2022-11-22 19:55:00,142 [INFO] MicroXplorer:448 - Change Database Path : 
2022-11-22 19:55:00,142 [INFO] MicroXplorer:478 - Change Database Version : DB.6.0.30
2022-11-22 19:55:00,143 [WARN] ThirdParty:813 - waiting for thirdparty lock release [close project]
2022-11-22 19:55:00,143 [INFO] ThirdParty:815 - entering critical section [close project]
2022-11-22 19:55:00,145 [INFO] ThirdParty:825 - exiting critical section [close project]
2022-11-22 19:55:00,150 [INFO] PinOutPanel:1463 - setPackage(No Configuration,No Configuration)
2022-11-22 19:55:00,152 [INFO] UtilMem:74 - Begin LoadConfig() Used Memory: 511624688 Bytes (731906048)
2022-11-22 19:55:00,154 [INFO] MicroXplorer:448 - Change Database Path : 
2022-11-22 19:55:00,154 [INFO] MicroXplorer:478 - Change Database Version : DB.6.0.30
2022-11-22 19:55:00,155 [INFO] OpenFileManager:313 - Change cursor
2022-11-22 19:55:01,175 [INFO] Context:592 - Trying to add GPIOservice into a context  which must be forbidden
2022-11-22 19:55:01,448 [INFO] ImportTextPane:167 - (OptionalMessage_ERROR) Unable to find key (Mcu.ThirdPartyNb) in loaded IOC file
2022-11-22 19:55:01,448 [INFO] ImportTextPane:167 - (OptionalMessage_ERROR) Unable to find key (Mcu.PinsNb) in loaded IOC file
2022-11-22 19:55:01,448 [INFO] ImportTextPane:167 - (OptionalMessage_ERROR) Unable to find key (Mcu.IPNb) in loaded IOC file
2022-11-22 19:55:01,517 [WARN] ApiManager:304 - Cannot register API 'Board Extension:GNSS1A1' from pack STMicroelectronics.X-CUBE-GNSS1.6.0.0: no header file found
2022-11-22 19:55:01,517 [WARN] ApiManager:304 - Cannot register API 'Board Support:Custom' from pack STMicroelectronics.X-CUBE-GNSS1.6.0.0: no header file found
2022-11-22 19:55:01,517 [WARN] ApiManager:304 - Cannot register API 'Data Exchange:lib_gnss' from pack STMicroelectronics.X-CUBE-GNSS1.6.0.0: no header file found
2022-11-22 19:55:01,548 [WARN] ApiManager:304 - Cannot register API 'Wireless:BlueNRG-MS' from pack STMicroelectronics.X-CUBE-BLE1.6.2.3: no header file found
2022-11-22 19:55:01,552 [INFO] RtosManager:484 - Registered RTOS mode: class=CMSIS, group=RTOS, mode=CMSIS_V1, owner=FREERTOS
2022-11-22 19:55:01,552 [INFO] RtosManager:484 - Registered RTOS mode: class=CMSIS, group=RTOS2, mode=CMSIS_V2, owner=FREERTOS
2022-11-22 19:55:01,553 [INFO] RtosManager:484 - Registered RTOS mode: class=RTOS, group=Core, mode=CMSIS_V1, owner=FREERTOS
2022-11-22 19:55:01,553 [INFO] RtosManager:484 - Registered RTOS mode: class=RTOS, group=Core, mode=CMSIS_V2, owner=FREERTOS
2022-11-22 19:55:01,553 [WARN] ModelIntegratedComponent:181 - Missing modes for component STMicroelectronics:FreeRTOS:0.0.1:STMicroelectronics:RTOS:FreeRTOS:Core:::10.2.0:
2022-11-22 19:55:01,562 [WARN] ApiManager:304 - Cannot register API 'Board Extension:S2868A1' from pack STMicroelectronics.X-CUBE-SUBG2.5.0.0: no header file found
2022-11-22 19:55:01,562 [WARN] ApiManager:304 - Cannot register API 'Board Extension:S2868A2' from pack STMicroelectronics.X-CUBE-SUBG2.5.0.0: no header file found
2022-11-22 19:55:01,562 [WARN] ApiManager:304 - Cannot register API 'Board Extension:S2915A1' from pack STMicroelectronics.X-CUBE-SUBG2.5.0.0: no header file found
2022-11-22 19:55:01,568 [WARN] ApiManager:304 - Cannot register API 'Board Extension:NFC04A1' from pack STMicroelectronics.X-CUBE-NFC4.2.0.5: no header file found
2022-11-22 19:55:01,569 [WARN] ApiManager:304 - Cannot register API 'Board Extension:NFC04A1' from pack STMicroelectronics.X-CUBE-NFC4.2.0.4: no header file found
2022-11-22 19:55:01,578 [WARN] ModelIntegratedComponent:60 - No mode defined for component null
2022-11-22 19:55:01,578 [WARN] ModelIntegratedComponent:60 - No mode defined for component null
2022-11-22 19:55:01,578 [WARN] ModelIntegratedComponent:60 - No mode defined for component null
2022-11-22 19:55:01,579 [WARN] ModelIntegratedComponent:60 - No mode defined for component null
2022-11-22 19:55:01,579 [WARN] ModelIntegratedComponent:60 - No mode defined for component null
2022-11-22 19:55:01,579 [WARN] ModelIntegratedComponent:60 - No mode defined for component null
2022-11-22 19:55:01,579 [WARN] ModelIntegratedComponent:60 - No mode defined for component null
2022-11-22 19:55:01,579 [WARN] ModelIntegratedComponent:60 - No mode defined for component null
2022-11-22 19:55:01,579 [WARN] ModelIntegratedComponent:60 - No mode defined for component null
2022-11-22 19:55:01,579 [WARN] ModelIntegratedComponent:60 - No mode defined for component null
2022-11-22 19:55:01,579 [WARN] ModelIntegratedComponent:60 - No mode defined for component null
2022-11-22 19:55:01,579 [WARN] ModelIntegratedComponent:60 - No mode defined for component null
2022-11-22 19:55:01,579 [WARN] ModelIntegratedComponent:60 - No mode defined for component null
2022-11-22 19:55:01,579 [WARN] ModelIntegratedComponent:60 - No mode defined for component null
2022-11-22 19:55:01,579 [WARN] ModelIntegratedComponent:60 - No mode defined for component null
2022-11-22 19:55:01,580 [WARN] ModelIntegratedComponent:60 - No mode defined for component null
2022-11-22 19:55:01,580 [WARN] ModelIntegratedComponent:60 - No mode defined for component null
2022-11-22 19:55:01,580 [WARN] ModelIntegratedComponent:60 - No mode defined for component null
2022-11-22 19:55:01,580 [WARN] ModelIntegratedComponent:60 - No mode defined for component null
2022-11-22 19:55:01,580 [WARN] ModelIntegratedComponent:60 - No mode defined for component null
2022-11-22 19:55:01,580 [WARN] ModelIntegratedComponent:60 - No mode defined for component null
2022-11-22 19:55:01,580 [WARN] ModelIntegratedComponent:60 - No mode defined for component null
2022-11-22 19:55:01,580 [WARN] ModelIntegratedComponent:60 - No mode defined for component null
2022-11-22 19:55:01,580 [WARN] ModelIntegratedComponent:60 - No mode defined for component null
2022-11-22 19:55:01,580 [WARN] ModelIntegratedComponent:60 - No mode defined for component null
2022-11-22 19:55:01,580 [WARN] ModelIntegratedComponent:60 - No mode defined for component null
2022-11-22 19:55:01,580 [WARN] ModelIntegratedComponent:60 - No mode defined for component null
2022-11-22 19:55:01,580 [WARN] ModelIntegratedComponent:60 - No mode defined for component null
2022-11-22 19:55:01,580 [WARN] ModelIntegratedComponent:60 - No mode defined for component null
2022-11-22 19:55:01,580 [WARN] ModelIntegratedComponent:60 - No mode defined for component null
2022-11-22 19:55:01,581 [WARN] ModelIntegratedComponent:60 - No mode defined for component null
2022-11-22 19:55:01,583 [WARN] ApiManager:304 - Cannot register API 'Board Extension:NFC07A1' from pack STMicroelectronics.X-CUBE-NFC7.1.0.0: no header file found
2022-11-22 19:55:01,855 [WARN] ApiManager:304 - Cannot register API 'Board Extension:IKS01A3' from pack STMicroelectronics.X-CUBE-MEMS1.9.3.0: no header file found
2022-11-22 19:55:01,855 [WARN] ApiManager:304 - Cannot register API 'Board Extension:IKS01A2' from pack STMicroelectronics.X-CUBE-MEMS1.9.3.0: no header file found
2022-11-22 19:55:01,856 [WARN] ApiManager:304 - Cannot register API 'Board Extension:IKS02A1' from pack STMicroelectronics.X-CUBE-MEMS1.9.3.0: no header file found
2022-11-22 19:55:01,867 [WARN] ApiManager:304 - Cannot register API 'Board Extension:EEPRMA1' from pack STMicroelectronics.X-CUBE-EEPRMA1.3.1.1: no header file found
2022-11-22 19:55:01,868 [WARN] ApiManager:304 - Cannot register API 'Board Extension:EEPRMA2' from pack STMicroelectronics.X-CUBE-EEPRMA1.3.1.1: no header file found
2022-11-22 19:55:01,871 [WARN] ApiManager:304 - Cannot register API 'Board Extension:S2868A1' from pack STMicroelectronics.X-CUBE-SFXS2LP1.4.0.0: no header file found
2022-11-22 19:55:01,871 [WARN] ApiManager:304 - Cannot register API 'Board Extension:S2868A2' from pack STMicroelectronics.X-CUBE-SFXS2LP1.4.0.0: no header file found
2022-11-22 19:55:01,872 [WARN] ApiManager:304 - Cannot register API 'Board Extension:S2915A1' from pack STMicroelectronics.X-CUBE-SFXS2LP1.4.0.0: no header file found
2022-11-22 19:55:01,873 [WARN] ApiManager:304 - Cannot register API 'Wireless:BlueNRG-2' from pack STMicroelectronics.X-CUBE-BLE2.3.3.0: no header file found
2022-11-22 19:55:03,811 [INFO] UtilMem:74 - End LoadConfig() Used Memory: 492047872 Bytes (731906048)
2022-11-22 19:55:03,812 [WARN] ThirdParty:779 - waiting for thirdparty lock release [change project]
2022-11-22 19:55:03,812 [INFO] ThirdParty:781 - entering critical section [change project]
2022-11-22 19:55:03,813 [INFO] ThirdParty:967 - CMSIS Pack Vendor :STMicroelectronics X-CUBE-ISPU 1.1.0
2022-11-22 19:55:03,813 [INFO] ThirdParty:967 - CMSIS Pack Vendor :RoweBots I-CUBE-UNISONRTOS 5.5.0-4
2022-11-22 19:55:03,813 [INFO] ThirdParty:967 - CMSIS Pack Vendor :STMicroelectronics X-CUBE-GNSS1 6.0.0
2022-11-22 19:55:03,813 [INFO] ThirdParty:967 - CMSIS Pack Vendor :STMicroelectronics X-CUBE-AZRTOS-H7 2.1.0
2022-11-22 19:55:03,813 [INFO] ThirdParty:967 - CMSIS Pack Vendor :STMicroelectronics USB_HOST 2.0.0
2022-11-22 19:55:03,813 [INFO] ThirdParty:967 - CMSIS Pack Vendor :STMicroelectronics X-CUBE-AZRTOS-F4 1.1.0
2022-11-22 19:55:03,813 [INFO] ThirdParty:967 - CMSIS Pack Vendor :STMicroelectronics USB_DEVICE 3.0.0
2022-11-22 19:55:03,813 [INFO] ThirdParty:967 - CMSIS Pack Vendor :STMicroelectronics X-CUBE-BLEMGR 1.0.0
2022-11-22 19:55:03,813 [INFO] ThirdParty:967 - CMSIS Pack Vendor :STMicroelectronics X-CUBE-BLEMGR 1.2.0
2022-11-22 19:55:03,813 [INFO] ThirdParty:967 - CMSIS Pack Vendor :STMicroelectronics X-CUBE-AZRTOS-F7 1.1.0
2022-11-22 19:55:03,813 [INFO] ThirdParty:967 - CMSIS Pack Vendor :STMicroelectronics USB_DEVICE 2.0.0
2022-11-22 19:55:03,813 [INFO] ThirdParty:967 - CMSIS Pack Vendor :STMicroelectronics X-CUBE-AI 7.3.0
2022-11-22 19:55:03,813 [INFO] ThirdParty:967 - CMSIS Pack Vendor :STMicroelectronics X-CUBE-BLE1 6.2.3
2022-11-22 19:55:03,813 [INFO] ThirdParty:967 - CMSIS Pack Vendor :STMicroelectronics X-CUBE-ALGOBUILD 1.3.0
2022-11-22 19:55:03,814 [INFO] ThirdParty:967 - CMSIS Pack Vendor :STMicroelectronics FreeRTOS 0.0.1
2022-11-22 19:55:03,814 [INFO] ThirdParty:967 - CMSIS Pack Vendor :STMicroelectronics X-CUBE-AZRTOS-G0 1.1.0
2022-11-22 19:55:03,814 [INFO] ThirdParty:967 - CMSIS Pack Vendor :STMicroelectronics X-CUBE-SUBG2 5.0.0
2022-11-22 19:55:03,814 [INFO] ThirdParty:967 - CMSIS Pack Vendor :SEGGER I-CUBE-embOS 1.2.0
2022-11-22 19:55:03,814 [INFO] ThirdParty:967 - CMSIS Pack Vendor :STMicroelectronics lwIP 2.0.3
2022-11-22 19:55:03,814 [INFO] ThirdParty:967 - CMSIS Pack Vendor :STMicroelectronics X-CUBE-NFC4 2.0.5
2022-11-22 19:55:03,814 [INFO] ThirdParty:967 - CMSIS Pack Vendor :STMicroelectronics X-CUBE-NFC4 2.0.4
2022-11-22 19:55:03,814 [INFO] ThirdParty:967 - CMSIS Pack Vendor :STMicroelectronics USB_HOST 1.0.0
2022-11-22 19:55:03,814 [INFO] ThirdParty:967 - CMSIS Pack Vendor :STMicroelectronics PDM2PCM 3.1.0
2022-11-22 19:55:03,814 [INFO] ThirdParty:967 - CMSIS Pack Vendor :STMicroelectronics FP-ATR-ASTRA1 1.1.1
2022-11-22 19:55:03,814 [INFO] ThirdParty:967 - CMSIS Pack Vendor :STMicroelectronics PDM2PCM 3.3.0
2022-11-22 19:55:03,814 [INFO] ThirdParty:967 - CMSIS Pack Vendor :STMicroelectronics X-CUBE-TOF1 3.1.0
2022-11-22 19:55:03,814 [INFO] ThirdParty:967 - CMSIS Pack Vendor :STMicroelectronics X-CUBE-AZRTOS-G4 1.0.0
2022-11-22 19:55:03,814 [INFO] ThirdParty:967 - CMSIS Pack Vendor :STMicroelectronics FP-ATR-SIGFOX1 3.2.0
2022-11-22 19:55:03,814 [INFO] ThirdParty:967 - CMSIS Pack Vendor :STMicroelectronics X-CUBE-AZRTOS-L4 1.0.0
2022-11-22 19:55:03,814 [INFO] ThirdParty:967 - CMSIS Pack Vendor :wolfSSL I-CUBE-wolfSSL 5.5.0
2022-11-22 19:55:03,815 [INFO] ThirdParty:967 - CMSIS Pack Vendor :STMicroelectronics HAL Drivers 0.0.0
2022-11-22 19:55:03,815 [INFO] ThirdParty:967 - CMSIS Pack Vendor :STMicroelectronics MBEDTLS 2.16.2
2022-11-22 19:55:03,815 [INFO] ThirdParty:967 - CMSIS Pack Vendor :emotas I-CUBE-CANOPEN 1.1.2
2022-11-22 19:55:03,815 [INFO] ThirdParty:967 - CMSIS Pack Vendor :STMicroelectronics X-CUBE-TOUCHGFX 4.20.0
2022-11-22 19:55:03,815 [INFO] ThirdParty:967 - CMSIS Pack Vendor :STMicroelectronics MBEDTLS 2.14.1
2022-11-22 19:55:03,815 [INFO] ThirdParty:967 - CMSIS Pack Vendor :STMicroelectronics X-CUBE-NFC7 1.0.0
2022-11-22 19:55:03,815 [INFO] ThirdParty:967 - CMSIS Pack Vendor :STMicroelectronics X-CUBE-AZRTOS-WL 1.0.0
2022-11-22 19:55:03,815 [INFO] ThirdParty:967 - CMSIS Pack Vendor :STMicroelectronics X-CUBE-MEMS1 9.3.0
2022-11-22 19:55:03,815 [INFO] ThirdParty:967 - CMSIS Pack Vendor :portGmbH I-Cube-SoM-uGOAL 1.1.0
2022-11-22 19:55:03,815 [INFO] ThirdParty:967 - CMSIS Pack Vendor :STMicroelectronics X-CUBE-ALS 1.0.1
2022-11-22 19:55:03,815 [INFO] ThirdParty:967 - CMSIS Pack Vendor :STMicroelectronics X-CUBE-AI 7.2.0
2022-11-22 19:55:03,815 [INFO] ThirdParty:967 - CMSIS Pack Vendor :STMicroelectronics X-CUBE-AZRTOS-L5 1.0.0
2022-11-22 19:55:03,815 [INFO] ThirdParty:967 - CMSIS Pack Vendor :STMicroelectronics USB_DEVICE 1.0.0
2022-11-22 19:55:03,815 [INFO] ThirdParty:967 - CMSIS Pack Vendor :STMicroelectronics X-CUBE-EEPRMA1 3.1.1
2022-11-22 19:55:03,815 [INFO] ThirdParty:967 - CMSIS Pack Vendor :STMicroelectronics ThreadX 0.0.2
2022-11-22 19:55:03,815 [INFO] ThirdParty:967 - CMSIS Pack Vendor :STMicroelectronics lwIP 2.1.2
2022-11-22 19:55:03,815 [INFO] ThirdParty:967 - CMSIS Pack Vendor :STMicroelectronics X-CUBE-SFXS2LP1 4.0.0
2022-11-22 19:55:03,815 [INFO] ThirdParty:967 - CMSIS Pack Vendor :STMicroelectronics X-CUBE-BLE2 3.3.0
2022-11-22 19:55:03,816 [INFO] ThirdParty:967 - CMSIS Pack Vendor :STMicroelectronics X-CUBE-DISPLAY 2.2.0
2022-11-22 19:55:03,816 [INFO] ThirdParty:967 - CMSIS Pack Vendor :STMicroelectronics X-CUBE-TOF1 3.2.0
2022-11-22 19:55:03,816 [INFO] ThirdParty:967 - CMSIS Pack Vendor :STMicroelectronics PDM2PCM 3.2.0
2022-11-22 19:55:03,816 [INFO] ThirdParty:967 - CMSIS Pack Vendor :STMicroelectronics X-CUBE-ISPU 1.0.0
2022-11-22 19:55:03,816 [INFO] ThirdParty:787 - exiting critical section [change project]
2022-11-22 19:55:03,985 [INFO] PinOutPanel:1463 - setPackage(No Configuration,No Configuration)
2022-11-22 19:55:03,986 [INFO] PinOutPanel:1463 - setPackage(STM32F103C6Ux,UFQFPN48)
2022-11-22 19:55:04,292 [INFO] UtilMem:74 - Before build in PCC Used Memory: 590611968 Bytes (731906048)
2022-11-22 19:55:04,748 [INFO] UtilMem:74 - After build in PCC Used Memory: 500808736 Bytes (731906048)
2022-11-22 19:55:04,766 [INFO] IPUIPlugin:74 - create IPUIPlugin
2022-11-22 19:55:04,767 [INFO] IPUIPlugin:74 - create IPUIPlugin
2022-11-22 19:55:04,767 [INFO] IPUIPlugin:74 - create IPUIPlugin
2022-11-22 19:55:04,767 [INFO] IPUIPlugin:74 - create IPUIPlugin
2022-11-22 19:55:04,767 [INFO] IPUIPlugin:74 - create IPUIPlugin
2022-11-22 19:55:04,767 [INFO] IPUIPlugin:74 - create IPUIPlugin
2022-11-22 19:55:04,767 [INFO] IPUIPlugin:74 - create IPUIPlugin
2022-11-22 19:55:04,767 [INFO] IPUIPlugin:74 - create IPUIPlugin
2022-11-22 19:55:04,768 [INFO] IPUIPlugin:74 - create IPUIPlugin
2022-11-22 19:55:04,768 [INFO] IPUIPlugin:74 - create IPUIPlugin
2022-11-22 19:55:04,768 [INFO] IPUIPlugin:74 - create IPUIPlugin
2022-11-22 19:55:04,768 [INFO] IPUIPlugin:74 - create IPUIPlugin
2022-11-22 19:55:04,768 [INFO] IPUIPlugin:74 - create IPUIPlugin
2022-11-22 19:55:04,768 [INFO] IPUIPlugin:74 - create IPUIPlugin
2022-11-22 19:55:04,768 [INFO] IPUIPlugin:74 - create IPUIPlugin
2022-11-22 19:55:04,770 [INFO] IPUIPlugin:74 - create IPUIPlugin
2022-11-22 19:55:04,770 [INFO] IPUIPlugin:74 - create IPUIPlugin
2022-11-22 19:55:04,770 [INFO] IPUIPlugin:74 - create IPUIPlugin
2022-11-22 19:55:04,770 [INFO] IPUIPlugin:74 - create IPUIPlugin
2022-11-22 19:55:04,771 [INFO] IPUIPlugin:74 - create IPUIPlugin
2022-11-22 19:55:04,771 [INFO] IPUIPlugin:74 - create IPUIPlugin
2022-11-22 19:55:04,772 [INFO] IPUIPlugin:74 - create IPUIPlugin
2022-11-22 19:55:04,772 [INFO] IPUIPlugin:74 - create IPUIPlugin
2022-11-22 19:55:04,865 [INFO] OpenFileManager:333 - Restore cursor
2022-11-22 19:55:05,075 [INFO] UtilMem:74 - End SaveConfig() Used Memory: 566346784 Bytes (731906048)
2022-11-22 19:55:05,117 [INFO] UtilMem:74 - End SaveConfig() Used Memory: 581077720 Bytes (731906048)
2022-11-22 19:55:05,420 [INFO] BlockDiagram:2740 - set Specific Code input for plugin: NVIC
2022-11-22 19:55:05,420 [INFO] BlockDiagram:2740 - set Specific Code input for plugin: SYS
2022-11-22 19:55:05,420 [INFO] BlockDiagram:2740 - set Specific Code input for plugin: RCC
2022-11-22 19:55:05,423 [INFO] CodeGenerator:663 - code generatio: config db path: C:\ST\STM32CubeIDE_1.7.0\STM32CubeIDE\plugins\com.st.stm32cube.common.mx_6.3.0.202107141111\\db\
2022-11-22 19:55:05,680 [INFO] CodeEngine:239 - oldGeneratedFile, C:\Users\PC\Desktop\Lab4_repo\Lab4\MXTmpFiles\license.tmp_save
2022-11-22 19:55:05,960 [INFO] CodeEngine:257 - Generated code: C:\Users\PC\Desktop\Lab4_repo\Lab4\MXTmpFiles\license.tmp
2022-11-22 19:55:06,050 [INFO] CodeEngine:239 - oldGeneratedFile, C:\Users\PC\Desktop\Lab4_repo\Lab4\Core\Src\stm32f1xx_it.c_save
2022-11-22 19:55:06,152 [INFO] CodeEngine:257 - Generated code: C:\Users\PC\Desktop\Lab4_repo\Lab4\Core\Src\stm32f1xx_it.c
2022-11-22 19:55:06,155 [INFO] CodeEngine:239 - oldGeneratedFile, C:\Users\PC\Desktop\Lab4_repo\Lab4\Core\Inc\stm32f1xx_it.h_save
2022-11-22 19:55:06,217 [INFO] CodeEngine:257 - Generated code: C:\Users\PC\Desktop\Lab4_repo\Lab4\Core\Inc\stm32f1xx_it.h
2022-11-22 19:55:06,224 [INFO] CodeEngine:239 - oldGeneratedFile, C:\Users\PC\Desktop\Lab4_repo\Lab4\Core\Src\stm32f1xx_hal_msp.c_save
2022-11-22 19:55:06,363 [INFO] CodeEngine:257 - Generated code: C:\Users\PC\Desktop\Lab4_repo\Lab4\Core\Src\stm32f1xx_hal_msp.c
2022-11-22 19:55:06,366 [INFO] CodeEngine:239 - oldGeneratedFile, C:\Users\PC\Desktop\Lab4_repo\Lab4\MXTmpFiles\system.tmp_save
2022-11-22 19:55:06,445 [INFO] CodeEngine:257 - Generated code: C:\Users\PC\Desktop\Lab4_repo\Lab4\MXTmpFiles\system.tmp
2022-11-22 19:55:06,453 [INFO] CodeEngine:239 - oldGeneratedFile, C:\Users\PC\Desktop\Lab4_repo\Lab4\Core\Inc\stm32f1xx_hal_conf.h_save
2022-11-22 19:55:06,553 [INFO] CodeEngine:257 - Generated code: C:\Users\PC\Desktop\Lab4_repo\Lab4\Core\Inc\stm32f1xx_hal_conf.h
2022-11-22 19:55:06,583 [INFO] CodeEngine:239 - oldGeneratedFile, C:\Users\PC\Desktop\Lab4_repo\Lab4\Core\Inc\main.h_save
2022-11-22 19:55:06,665 [INFO] CodeEngine:257 - Generated code: C:\Users\PC\Desktop\Lab4_repo\Lab4\Core\Inc\main.h
2022-11-22 19:55:06,667 [INFO] CodeEngine:239 - oldGeneratedFile, C:\Users\PC\Desktop\Lab4_repo\Lab4\Core\Src\main.c_save
2022-11-22 19:55:06,754 [INFO] CodeEngine:257 - Generated code: C:\Users\PC\Desktop\Lab4_repo\Lab4\Core\Src\main.c
2022-11-22 19:55:07,810 [INFO] ProjectBuilder:2578 - Time for Copy HAL[1] : 324mS.
2022-11-22 19:55:07,823 [INFO] ProjectBuilder:3622 - Project Generator version: 3.14.1
2022-11-22 19:55:08,710 [INFO] ConfigFileManager:1271 - The Die is : DIE412
2022-11-22 19:55:08,742 [INFO] ApiDbMcu:468 - Load IP Config File for FATFS
2022-11-22 19:55:08,773 [INFO] ApiDbMcu:468 - Load IP Config File for FREERTOS
2022-11-22 19:55:08,800 [INFO] ApiDbMcu:468 - Load IP Config File for USB_DEVICE
2022-11-22 19:55:12,746 [INFO] ProjectBuilder:3789 - Time for Generating toolchain IDE Files: 4923mS.
2022-11-22 19:55:12,747 [INFO] ProjectBuilder:2457 - Time for Copy CMSIS : 1mS.
2022-11-22 19:55:12,748 [INFO] ProjectBuilder:2457 - Time for Copy CMSIS : 0mS.
2022-11-22 19:55:13,410 [INFO] McuFinderGlobals:52 - Set McuFinderConnectedMode to true
2022-11-22 19:55:13,411 [INFO] ApiDb:276 - Save user favorites file C:\Users\PC/.stm32cubeide/favorites.mcus.txt: 0 item(s)
2022-11-22 19:55:13,411 [INFO] ApiDb:280 - User favorites MCUs=[]
2022-11-22 19:55:34,739 [INFO] UtilMem:74 - End SaveConfig() Used Memory: 773547728 Bytes (900726784)
2022-11-22 20:05:12,609 [INFO] UtilMem:74 - End SaveConfig() Used Memory: 709992104 Bytes (900726784)
2022-11-22 20:05:33,451 [INFO] Gpio:254 - dependency for GPIO []
2022-11-22 20:05:41,585 [INFO] UtilMem:74 - End SaveConfig() Used Memory: 744334288 Bytes (900726784)
2022-11-22 20:05:42,405 [INFO] UtilMem:74 - End SaveConfig() Used Memory: 773234552 Bytes (900726784)
2022-11-22 20:05:44,716 [INFO] UtilMem:74 - End SaveConfig() Used Memory: 776873072 Bytes (900726784)
2022-11-22 20:05:44,929 [INFO] BlockDiagram:2740 - set Specific Code input for plugin: NVIC
2022-11-22 20:05:44,930 [INFO] BlockDiagram:2740 - set Specific Code input for plugin: SYS
2022-11-22 20:05:44,930 [INFO] BlockDiagram:2740 - set Specific Code input for plugin: GPIO
2022-11-22 20:05:44,930 [INFO] BlockDiagram:2740 - set Specific Code input for plugin: RCC
2022-11-22 20:05:44,930 [INFO] BlockDiagram:2740 - set Specific Code input for plugin: TIM1_8F1
2022-11-22 20:05:44,931 [INFO] CodeGenerator:663 - code generatio: config db path: C:\ST\STM32CubeIDE_1.7.0\STM32CubeIDE\plugins\com.st.stm32cube.common.mx_6.3.0.202107141111\\db\
2022-11-22 20:05:45,202 [INFO] CodeEngine:239 - oldGeneratedFile, C:\Users\PC\Desktop\Lab4_repo\Lab4\MXTmpFiles\license.tmp_save
2022-11-22 20:05:45,252 [INFO] CodeEngine:257 - Generated code: C:\Users\PC\Desktop\Lab4_repo\Lab4\MXTmpFiles\license.tmp
2022-11-22 20:05:45,322 [INFO] CodeEngine:239 - oldGeneratedFile, C:\Users\PC\Desktop\Lab4_repo\Lab4\MXTmpFiles\gpio.tmp_save
2022-11-22 20:05:45,430 [INFO] CodeEngine:257 - Generated code: C:\Users\PC\Desktop\Lab4_repo\Lab4\MXTmpFiles\gpio.tmp
2022-11-22 20:05:45,607 [INFO] CodeEngine:239 - oldGeneratedFile, C:\Users\PC\Desktop\Lab4_repo\Lab4\Core\Src\stm32f1xx_it.c_save
2022-11-22 20:05:45,681 [INFO] CodeEngine:257 - Generated code: C:\Users\PC\Desktop\Lab4_repo\Lab4\Core\Src\stm32f1xx_it.c
2022-11-22 20:05:45,685 [INFO] CodeEngine:239 - oldGeneratedFile, C:\Users\PC\Desktop\Lab4_repo\Lab4\Core\Inc\stm32f1xx_it.h_save
2022-11-22 20:05:45,749 [INFO] CodeEngine:257 - Generated code: C:\Users\PC\Desktop\Lab4_repo\Lab4\Core\Inc\stm32f1xx_it.h
2022-11-22 20:05:45,760 [INFO] CodeEngine:239 - oldGeneratedFile, C:\Users\PC\Desktop\Lab4_repo\Lab4\Core\Src\stm32f1xx_hal_msp.c_save
2022-11-22 20:05:45,855 [INFO] CodeEngine:257 - Generated code: C:\Users\PC\Desktop\Lab4_repo\Lab4\Core\Src\stm32f1xx_hal_msp.c
2022-11-22 20:05:45,858 [INFO] CodeEngine:239 - oldGeneratedFile, C:\Users\PC\Desktop\Lab4_repo\Lab4\MXTmpFiles\system.tmp_save
2022-11-22 20:05:45,925 [INFO] CodeEngine:257 - Generated code: C:\Users\PC\Desktop\Lab4_repo\Lab4\MXTmpFiles\system.tmp
2022-11-22 20:05:45,938 [INFO] CodeEngine:239 - oldGeneratedFile, C:\Users\PC\Desktop\Lab4_repo\Lab4\Core\Inc\stm32f1xx_hal_conf.h_save
2022-11-22 20:05:46,026 [INFO] CodeEngine:257 - Generated code: C:\Users\PC\Desktop\Lab4_repo\Lab4\Core\Inc\stm32f1xx_hal_conf.h
2022-11-22 20:05:46,041 [WARN] IPConfigManager:3148 - IP not found : TIM
2022-11-22 20:05:46,042 [WARN] CodeGenerator:3268 - IP not found : null
2022-11-22 20:05:46,054 [INFO] CodeEngine:239 - oldGeneratedFile, C:\Users\PC\Desktop\Lab4_repo\Lab4\Core\Inc\main.h_save
2022-11-22 20:05:46,122 [INFO] CodeEngine:257 - Generated code: C:\Users\PC\Desktop\Lab4_repo\Lab4\Core\Inc\main.h
2022-11-22 20:05:46,130 [INFO] CodeEngine:239 - oldGeneratedFile, C:\Users\PC\Desktop\Lab4_repo\Lab4\Core\Src\main.c_save
2022-11-22 20:05:46,247 [INFO] CodeEngine:257 - Generated code: C:\Users\PC\Desktop\Lab4_repo\Lab4\Core\Src\main.c
2022-11-22 20:05:47,095 [INFO] ProjectBuilder:2578 - Time for Copy HAL[1] : 123mS.
2022-11-22 20:05:47,098 [INFO] ProjectBuilder:3622 - Project Generator version: 3.14.1
2022-11-22 20:05:47,584 [INFO] ConfigFileManager:1271 - The Die is : DIE412
2022-11-22 20:05:49,336 [INFO] ProjectBuilder:3789 - Time for Generating toolchain IDE Files: 2238mS.
2022-11-22 20:05:49,338 [INFO] ProjectBuilder:2457 - Time for Copy CMSIS : 0mS.
2022-11-22 20:05:49,341 [INFO] ProjectBuilder:2457 - Time for Copy CMSIS : 0mS.
2022-11-22 20:23:57,466 [INFO] Gpio:254 - dependency for GPIO []
2022-11-22 20:24:07,346 [INFO] NvicIntPanel:96 - NVIC parent = com.st.microxplorer.plugins.ip.nvic.MultiNvicIntPanel[,0,0,515x217,layout=javax.swing.BoxLayout,alignmentX=0.0,alignmentY=0.0,border=,flags=9,maximumSize=,minimumSize=,preferredSize=]
2022-11-22 20:24:08,436 [INFO] NvicIntPanel:96 - NVIC parent = com.st.microxplorer.plugins.ip.nvic.MultiNvicIntPanel[,0,0,0x0,invalid,layout=javax.swing.BoxLayout,alignmentX=0.0,alignmentY=0.0,border=,flags=9,maximumSize=,minimumSize=,preferredSize=]
2022-11-22 20:24:13,093 [INFO] UtilMem:74 - End SaveConfig() Used Memory: 852890032 Bytes (1001390080)
2022-11-22 20:24:14,395 [INFO] UtilMem:74 - End SaveConfig() Used Memory: 660103104 Bytes (1001390080)
2022-11-22 20:24:16,069 [INFO] UtilMem:74 - End SaveConfig() Used Memory: 741801000 Bytes (1001390080)
2022-11-22 20:24:16,370 [INFO] BlockDiagram:2740 - set Specific Code input for plugin: NVIC
2022-11-22 20:24:16,371 [INFO] BlockDiagram:2740 - set Specific Code input for plugin: SYS
2022-11-22 20:24:16,371 [INFO] BlockDiagram:2740 - set Specific Code input for plugin: GPIO
2022-11-22 20:24:16,371 [INFO] BlockDiagram:2740 - set Specific Code input for plugin: USART
2022-11-22 20:24:16,371 [INFO] BlockDiagram:2740 - set Specific Code input for plugin: RCC
2022-11-22 20:24:16,371 [INFO] BlockDiagram:2740 - set Specific Code input for plugin: TIM1_8F1
2022-11-22 20:24:16,372 [INFO] CodeGenerator:663 - code generatio: config db path: C:\ST\STM32CubeIDE_1.7.0\STM32CubeIDE\plugins\com.st.stm32cube.common.mx_6.3.0.202107141111\\db\
2022-11-22 20:24:16,623 [INFO] CodeEngine:239 - oldGeneratedFile, C:\Users\PC\Desktop\Lab4_repo\Lab4\MXTmpFiles\license.tmp_save
2022-11-22 20:24:16,712 [INFO] CodeEngine:257 - Generated code: C:\Users\PC\Desktop\Lab4_repo\Lab4\MXTmpFiles\license.tmp
2022-11-22 20:24:16,737 [INFO] CodeEngine:239 - oldGeneratedFile, C:\Users\PC\Desktop\Lab4_repo\Lab4\MXTmpFiles\gpio.tmp_save
2022-11-22 20:24:16,798 [INFO] CodeEngine:257 - Generated code: C:\Users\PC\Desktop\Lab4_repo\Lab4\MXTmpFiles\gpio.tmp
2022-11-22 20:24:16,944 [INFO] CodeEngine:239 - oldGeneratedFile, C:\Users\PC\Desktop\Lab4_repo\Lab4\Core\Src\stm32f1xx_it.c_save
2022-11-22 20:24:17,041 [INFO] CodeEngine:257 - Generated code: C:\Users\PC\Desktop\Lab4_repo\Lab4\Core\Src\stm32f1xx_it.c
2022-11-22 20:24:17,050 [INFO] CodeEngine:239 - oldGeneratedFile, C:\Users\PC\Desktop\Lab4_repo\Lab4\Core\Inc\stm32f1xx_it.h_save
2022-11-22 20:24:17,126 [INFO] CodeEngine:257 - Generated code: C:\Users\PC\Desktop\Lab4_repo\Lab4\Core\Inc\stm32f1xx_it.h
2022-11-22 20:24:17,143 [INFO] CodeEngine:239 - oldGeneratedFile, C:\Users\PC\Desktop\Lab4_repo\Lab4\Core\Src\stm32f1xx_hal_msp.c_save
2022-11-22 20:24:17,278 [INFO] CodeEngine:257 - Generated code: C:\Users\PC\Desktop\Lab4_repo\Lab4\Core\Src\stm32f1xx_hal_msp.c
2022-11-22 20:24:17,282 [INFO] CodeEngine:239 - oldGeneratedFile, C:\Users\PC\Desktop\Lab4_repo\Lab4\MXTmpFiles\system.tmp_save
2022-11-22 20:24:17,338 [INFO] CodeEngine:257 - Generated code: C:\Users\PC\Desktop\Lab4_repo\Lab4\MXTmpFiles\system.tmp
2022-11-22 20:24:17,350 [INFO] CodeEngine:239 - oldGeneratedFile, C:\Users\PC\Desktop\Lab4_repo\Lab4\Core\Inc\stm32f1xx_hal_conf.h_save
2022-11-22 20:24:17,427 [INFO] CodeEngine:257 - Generated code: C:\Users\PC\Desktop\Lab4_repo\Lab4\Core\Inc\stm32f1xx_hal_conf.h
2022-11-22 20:24:17,441 [WARN] IPConfigManager:3148 - IP not found : TIM
2022-11-22 20:24:17,442 [WARN] CodeGenerator:3268 - IP not found : null
2022-11-22 20:24:17,451 [INFO] CodeEngine:239 - oldGeneratedFile, C:\Users\PC\Desktop\Lab4_repo\Lab4\Core\Inc\main.h_save
2022-11-22 20:24:17,521 [INFO] CodeEngine:257 - Generated code: C:\Users\PC\Desktop\Lab4_repo\Lab4\Core\Inc\main.h
2022-11-22 20:24:17,529 [INFO] CodeEngine:239 - oldGeneratedFile, C:\Users\PC\Desktop\Lab4_repo\Lab4\Core\Src\main.c_save
2022-11-22 20:24:17,649 [INFO] CodeEngine:257 - Generated code: C:\Users\PC\Desktop\Lab4_repo\Lab4\Core\Src\main.c
2022-11-22 20:24:18,348 [INFO] ProjectBuilder:2578 - Time for Copy HAL[1] : 133mS.
2022-11-22 20:24:18,351 [INFO] ProjectBuilder:3622 - Project Generator version: 3.14.1
2022-11-22 20:24:18,767 [INFO] ConfigFileManager:1271 - The Die is : DIE412
2022-11-22 20:24:20,299 [INFO] ProjectBuilder:3789 - Time for Generating toolchain IDE Files: 1948mS.
2022-11-22 20:24:20,300 [INFO] ProjectBuilder:2457 - Time for Copy CMSIS : 0mS.
2022-11-22 20:24:20,303 [INFO] ProjectBuilder:2457 - Time for Copy CMSIS : 0mS.
2022-11-22 20:43:19,110 [INFO] NvicIntPanel:96 - NVIC parent = com.st.microxplorer.plugins.ip.nvic.MultiNvicIntPanel[,0,0,515x217,layout=javax.swing.BoxLayout,alignmentX=0.0,alignmentY=0.0,border=,flags=9,maximumSize=,minimumSize=,preferredSize=]
2022-11-22 20:43:21,171 [INFO] UtilMem:74 - End SaveConfig() Used Memory: 812504344 Bytes (1035993088)
2022-11-22 20:43:22,242 [INFO] UtilMem:74 - End SaveConfig() Used Memory: 684390056 Bytes (1035993088)
2022-11-22 20:43:24,232 [INFO] UtilMem:74 - End SaveConfig() Used Memory: 725284520 Bytes (1035993088)
2022-11-22 20:43:24,447 [INFO] BlockDiagram:2740 - set Specific Code input for plugin: NVIC
2022-11-22 20:43:24,447 [INFO] BlockDiagram:2740 - set Specific Code input for plugin: SYS
2022-11-22 20:43:24,447 [INFO] BlockDiagram:2740 - set Specific Code input for plugin: GPIO
2022-11-22 20:43:24,447 [INFO] BlockDiagram:2740 - set Specific Code input for plugin: USART
2022-11-22 20:43:24,447 [INFO] BlockDiagram:2740 - set Specific Code input for plugin: RCC
2022-11-22 20:43:24,447 [INFO] BlockDiagram:2740 - set Specific Code input for plugin: TIM1_8F1
2022-11-22 20:43:24,448 [INFO] CodeGenerator:663 - code generatio: config db path: C:\ST\STM32CubeIDE_1.7.0\STM32CubeIDE\plugins\com.st.stm32cube.common.mx_6.3.0.202107141111\\db\
2022-11-22 20:43:24,725 [INFO] CodeEngine:239 - oldGeneratedFile, C:\Users\PC\Desktop\Lab4_repo\Lab4\MXTmpFiles\license.tmp_save
2022-11-22 20:43:24,800 [INFO] CodeEngine:257 - Generated code: C:\Users\PC\Desktop\Lab4_repo\Lab4\MXTmpFiles\license.tmp
2022-11-22 20:43:24,822 [INFO] CodeEngine:239 - oldGeneratedFile, C:\Users\PC\Desktop\Lab4_repo\Lab4\MXTmpFiles\gpio.tmp_save
2022-11-22 20:43:24,888 [INFO] CodeEngine:257 - Generated code: C:\Users\PC\Desktop\Lab4_repo\Lab4\MXTmpFiles\gpio.tmp
2022-11-22 20:43:24,988 [INFO] CodeEngine:239 - oldGeneratedFile, C:\Users\PC\Desktop\Lab4_repo\Lab4\Core\Src\stm32f1xx_it.c_save
2022-11-22 20:43:25,076 [INFO] CodeEngine:257 - Generated code: C:\Users\PC\Desktop\Lab4_repo\Lab4\Core\Src\stm32f1xx_it.c
2022-11-22 20:43:25,083 [INFO] CodeEngine:239 - oldGeneratedFile, C:\Users\PC\Desktop\Lab4_repo\Lab4\Core\Inc\stm32f1xx_it.h_save
2022-11-22 20:43:25,146 [INFO] CodeEngine:257 - Generated code: C:\Users\PC\Desktop\Lab4_repo\Lab4\Core\Inc\stm32f1xx_it.h
2022-11-22 20:43:25,158 [INFO] CodeEngine:239 - oldGeneratedFile, C:\Users\PC\Desktop\Lab4_repo\Lab4\Core\Src\stm32f1xx_hal_msp.c_save
2022-11-22 20:43:25,250 [INFO] CodeEngine:257 - Generated code: C:\Users\PC\Desktop\Lab4_repo\Lab4\Core\Src\stm32f1xx_hal_msp.c
2022-11-22 20:43:25,253 [INFO] CodeEngine:239 - oldGeneratedFile, C:\Users\PC\Desktop\Lab4_repo\Lab4\MXTmpFiles\system.tmp_save
2022-11-22 20:43:25,302 [INFO] CodeEngine:257 - Generated code: C:\Users\PC\Desktop\Lab4_repo\Lab4\MXTmpFiles\system.tmp
2022-11-22 20:43:25,314 [INFO] CodeEngine:239 - oldGeneratedFile, C:\Users\PC\Desktop\Lab4_repo\Lab4\Core\Inc\stm32f1xx_hal_conf.h_save
2022-11-22 20:43:25,411 [INFO] CodeEngine:257 - Generated code: C:\Users\PC\Desktop\Lab4_repo\Lab4\Core\Inc\stm32f1xx_hal_conf.h
2022-11-22 20:43:25,426 [WARN] IPConfigManager:3148 - IP not found : TIM
2022-11-22 20:43:25,427 [WARN] CodeGenerator:3268 - IP not found : null
2022-11-22 20:43:25,440 [INFO] CodeEngine:239 - oldGeneratedFile, C:\Users\PC\Desktop\Lab4_repo\Lab4\Core\Inc\main.h_save
2022-11-22 20:43:25,500 [INFO] CodeEngine:257 - Generated code: C:\Users\PC\Desktop\Lab4_repo\Lab4\Core\Inc\main.h
2022-11-22 20:43:25,509 [INFO] CodeEngine:239 - oldGeneratedFile, C:\Users\PC\Desktop\Lab4_repo\Lab4\Core\Src\main.c_save
2022-11-22 20:43:25,631 [INFO] CodeEngine:257 - Generated code: C:\Users\PC\Desktop\Lab4_repo\Lab4\Core\Src\main.c
2022-11-22 20:43:26,353 [INFO] ProjectBuilder:2578 - Time for Copy HAL[1] : 123mS.
2022-11-22 20:43:26,356 [INFO] ProjectBuilder:3622 - Project Generator version: 3.14.1
2022-11-22 20:43:26,767 [INFO] ConfigFileManager:1271 - The Die is : DIE412
2022-11-22 20:43:28,184 [INFO] ProjectBuilder:3789 - Time for Generating toolchain IDE Files: 1828mS.
2022-11-22 20:43:28,185 [INFO] ProjectBuilder:2457 - Time for Copy CMSIS : 1mS.
2022-11-22 20:43:28,187 [INFO] ProjectBuilder:2457 - Time for Copy CMSIS : 0mS.
2022-11-22 20:44:14,747 [INFO] NvicIntPanel:96 - NVIC parent = com.st.microxplorer.plugins.ip.nvic.MultiNvicIntPanel[,0,0,0x0,invalid,layout=javax.swing.BoxLayout,alignmentX=0.0,alignmentY=0.0,border=,flags=9,maximumSize=,minimumSize=,preferredSize=]
2022-11-22 20:44:21,689 [INFO] Gpio:254 - dependency for GPIO [USART1]
2022-11-22 20:45:03,875 [INFO] Gpio:254 - dependency for GPIO [USART1]
2022-11-22 20:45:03,934 [INFO] Gpio:254 - dependency for GPIO [USART1]
2022-11-22 20:45:05,441 [INFO] NvicIntPanel:96 - NVIC parent = com.st.microxplorer.plugins.ip.nvic.MultiNvicIntPanel[,0,0,0x0,invalid,layout=javax.swing.BoxLayout,alignmentX=0.0,alignmentY=0.0,border=,flags=9,maximumSize=,minimumSize=,preferredSize=]
2022-11-22 20:45:24,984 [INFO] Gpio:254 - dependency for GPIO [USART1]
2022-11-22 20:45:25,989 [INFO] DmaTabbedPanel:198 - Cannot restore the selected Tab for DMA
2022-11-22 20:47:14,205 [INFO] NvicIntPanel:96 - NVIC parent = com.st.microxplorer.plugins.ip.nvic.MultiNvicIntPanel[,0,0,0x0,invalid,layout=javax.swing.BoxLayout,alignmentX=0.0,alignmentY=0.0,border=,flags=9,maximumSize=,minimumSize=,preferredSize=]
2022-11-22 20:47:26,335 [INFO] UtilMem:74 - End SaveConfig() Used Memory: 718134896 Bytes (1050673152)
2022-11-22 20:47:29,223 [INFO] UtilMem:74 - End SaveConfig() Used Memory: 701328856 Bytes (1050673152)
2022-11-22 20:47:30,418 [INFO] UtilMem:74 - End SaveConfig() Used Memory: 748758552 Bytes (1050673152)
2022-11-22 20:47:30,701 [INFO] BlockDiagram:2740 - set Specific Code input for plugin: NVIC
2022-11-22 20:47:30,702 [INFO] BlockDiagram:2740 - set Specific Code input for plugin: SYS
2022-11-22 20:47:30,702 [INFO] BlockDiagram:2740 - set Specific Code input for plugin: GPIO
2022-11-22 20:47:30,702 [INFO] BlockDiagram:2740 - set Specific Code input for plugin: USART
2022-11-22 20:47:30,702 [INFO] BlockDiagram:2740 - set Specific Code input for plugin: RCC
2022-11-22 20:47:30,702 [INFO] BlockDiagram:2740 - set Specific Code input for plugin: TIM1_8F1
2022-11-22 20:47:30,703 [INFO] CodeGenerator:663 - code generatio: config db path: C:\ST\STM32CubeIDE_1.7.0\STM32CubeIDE\plugins\com.st.stm32cube.common.mx_6.3.0.202107141111\\db\
2022-11-22 20:47:30,935 [INFO] CodeEngine:239 - oldGeneratedFile, C:\Users\PC\Desktop\Lab4_repo\Lab4\MXTmpFiles\license.tmp_save
2022-11-22 20:47:30,999 [INFO] CodeEngine:257 - Generated code: C:\Users\PC\Desktop\Lab4_repo\Lab4\MXTmpFiles\license.tmp
2022-11-22 20:47:31,027 [INFO] CodeEngine:239 - oldGeneratedFile, C:\Users\PC\Desktop\Lab4_repo\Lab4\MXTmpFiles\gpio.tmp_save
2022-11-22 20:47:31,111 [INFO] CodeEngine:257 - Generated code: C:\Users\PC\Desktop\Lab4_repo\Lab4\MXTmpFiles\gpio.tmp
2022-11-22 20:47:31,176 [INFO] CodeEngine:239 - oldGeneratedFile, C:\Users\PC\Desktop\Lab4_repo\Lab4\Core\Src\stm32f1xx_it.c_save
2022-11-22 20:47:31,260 [INFO] CodeEngine:257 - Generated code: C:\Users\PC\Desktop\Lab4_repo\Lab4\Core\Src\stm32f1xx_it.c
2022-11-22 20:47:31,267 [INFO] CodeEngine:239 - oldGeneratedFile, C:\Users\PC\Desktop\Lab4_repo\Lab4\Core\Inc\stm32f1xx_it.h_save
2022-11-22 20:47:31,319 [INFO] CodeEngine:257 - Generated code: C:\Users\PC\Desktop\Lab4_repo\Lab4\Core\Inc\stm32f1xx_it.h
2022-11-22 20:47:31,332 [INFO] CodeEngine:239 - oldGeneratedFile, C:\Users\PC\Desktop\Lab4_repo\Lab4\Core\Src\stm32f1xx_hal_msp.c_save
2022-11-22 20:47:31,474 [INFO] CodeEngine:257 - Generated code: C:\Users\PC\Desktop\Lab4_repo\Lab4\Core\Src\stm32f1xx_hal_msp.c
2022-11-22 20:47:31,477 [INFO] CodeEngine:239 - oldGeneratedFile, C:\Users\PC\Desktop\Lab4_repo\Lab4\MXTmpFiles\system.tmp_save
2022-11-22 20:47:31,532 [INFO] CodeEngine:257 - Generated code: C:\Users\PC\Desktop\Lab4_repo\Lab4\MXTmpFiles\system.tmp
2022-11-22 20:47:31,544 [INFO] CodeEngine:239 - oldGeneratedFile, C:\Users\PC\Desktop\Lab4_repo\Lab4\Core\Inc\stm32f1xx_hal_conf.h_save
2022-11-22 20:47:31,635 [INFO] CodeEngine:257 - Generated code: C:\Users\PC\Desktop\Lab4_repo\Lab4\Core\Inc\stm32f1xx_hal_conf.h
2022-11-22 20:47:31,652 [WARN] IPConfigManager:3148 - IP not found : TIM
2022-11-22 20:47:31,653 [WARN] CodeGenerator:3268 - IP not found : null
2022-11-22 20:47:31,664 [INFO] CodeEngine:239 - oldGeneratedFile, C:\Users\PC\Desktop\Lab4_repo\Lab4\Core\Inc\main.h_save
2022-11-22 20:47:31,723 [INFO] CodeEngine:257 - Generated code: C:\Users\PC\Desktop\Lab4_repo\Lab4\Core\Inc\main.h
2022-11-22 20:47:31,730 [INFO] CodeEngine:239 - oldGeneratedFile, C:\Users\PC\Desktop\Lab4_repo\Lab4\Core\Src\main.c_save
2022-11-22 20:47:31,838 [INFO] CodeEngine:257 - Generated code: C:\Users\PC\Desktop\Lab4_repo\Lab4\Core\Src\main.c
2022-11-22 20:47:32,569 [INFO] ProjectBuilder:2578 - Time for Copy HAL[1] : 123mS.
2022-11-22 20:47:32,572 [INFO] ProjectBuilder:3622 - Project Generator version: 3.14.1
2022-11-22 20:47:33,035 [INFO] ConfigFileManager:1271 - The Die is : DIE412
2022-11-22 20:47:34,526 [INFO] ProjectBuilder:3789 - Time for Generating toolchain IDE Files: 1954mS.
2022-11-22 20:47:34,527 [INFO] ProjectBuilder:2457 - Time for Copy CMSIS : 0mS.
2022-11-22 20:47:34,529 [INFO] ProjectBuilder:2457 - Time for Copy CMSIS : 0mS.
2022-11-22 21:02:48,323 [INFO] Gpio:254 - dependency for GPIO [USART1]
2022-11-22 21:04:53,418 [INFO] Gpio:254 - dependency for GPIO [USART1]
2022-11-22 21:04:53,466 [INFO] Gpio:254 - dependency for GPIO [USART1]
2022-11-22 21:04:53,564 [INFO] Gpio:254 - dependency for GPIO [USART1]
2022-11-22 21:05:02,496 [INFO] Gpio:254 - dependency for GPIO [USART1]
2022-11-22 21:05:14,878 [INFO] UtilMem:74 - End SaveConfig() Used Memory: 940484368 Bytes (1060110336)
2022-11-22 21:05:16,253 [INFO] UtilMem:74 - End SaveConfig() Used Memory: 691933352 Bytes (1060110336)
2022-11-22 21:05:17,356 [INFO] UtilMem:74 - End SaveConfig() Used Memory: 738592936 Bytes (1060110336)
2022-11-22 21:05:17,606 [INFO] BlockDiagram:2740 - set Specific Code input for plugin: NVIC
2022-11-22 21:05:17,606 [INFO] BlockDiagram:2740 - set Specific Code input for plugin: SYS
2022-11-22 21:05:17,606 [INFO] BlockDiagram:2740 - set Specific Code input for plugin: GPIO
2022-11-22 21:05:17,606 [INFO] BlockDiagram:2740 - set Specific Code input for plugin: USART
2022-11-22 21:05:17,606 [INFO] BlockDiagram:2740 - set Specific Code input for plugin: RCC
2022-11-22 21:05:17,606 [INFO] BlockDiagram:2740 - set Specific Code input for plugin: TIM1_8F1
2022-11-22 21:05:17,607 [INFO] CodeGenerator:663 - code generatio: config db path: C:\ST\STM32CubeIDE_1.7.0\STM32CubeIDE\plugins\com.st.stm32cube.common.mx_6.3.0.202107141111\\db\
2022-11-22 21:05:17,879 [INFO] CodeEngine:239 - oldGeneratedFile, C:\Users\PC\Desktop\Lab4_repo\Lab4\MXTmpFiles\license.tmp_save
2022-11-22 21:05:17,933 [INFO] CodeEngine:257 - Generated code: C:\Users\PC\Desktop\Lab4_repo\Lab4\MXTmpFiles\license.tmp
2022-11-22 21:05:17,990 [INFO] CodeEngine:239 - oldGeneratedFile, C:\Users\PC\Desktop\Lab4_repo\Lab4\MXTmpFiles\gpio.tmp_save
2022-11-22 21:05:18,045 [INFO] CodeEngine:257 - Generated code: C:\Users\PC\Desktop\Lab4_repo\Lab4\MXTmpFiles\gpio.tmp
2022-11-22 21:05:18,103 [INFO] CodeEngine:239 - oldGeneratedFile, C:\Users\PC\Desktop\Lab4_repo\Lab4\Core\Src\stm32f1xx_it.c_save
2022-11-22 21:05:18,171 [INFO] CodeEngine:257 - Generated code: C:\Users\PC\Desktop\Lab4_repo\Lab4\Core\Src\stm32f1xx_it.c
2022-11-22 21:05:18,179 [INFO] CodeEngine:239 - oldGeneratedFile, C:\Users\PC\Desktop\Lab4_repo\Lab4\Core\Inc\stm32f1xx_it.h_save
2022-11-22 21:05:18,228 [INFO] CodeEngine:257 - Generated code: C:\Users\PC\Desktop\Lab4_repo\Lab4\Core\Inc\stm32f1xx_it.h
2022-11-22 21:05:18,240 [INFO] CodeEngine:239 - oldGeneratedFile, C:\Users\PC\Desktop\Lab4_repo\Lab4\Core\Src\stm32f1xx_hal_msp.c_save
2022-11-22 21:05:18,322 [INFO] CodeEngine:257 - Generated code: C:\Users\PC\Desktop\Lab4_repo\Lab4\Core\Src\stm32f1xx_hal_msp.c
2022-11-22 21:05:18,325 [INFO] CodeEngine:239 - oldGeneratedFile, C:\Users\PC\Desktop\Lab4_repo\Lab4\MXTmpFiles\system.tmp_save
2022-11-22 21:05:18,394 [INFO] CodeEngine:257 - Generated code: C:\Users\PC\Desktop\Lab4_repo\Lab4\MXTmpFiles\system.tmp
2022-11-22 21:05:18,407 [INFO] CodeEngine:239 - oldGeneratedFile, C:\Users\PC\Desktop\Lab4_repo\Lab4\Core\Inc\stm32f1xx_hal_conf.h_save
2022-11-22 21:05:18,477 [INFO] CodeEngine:257 - Generated code: C:\Users\PC\Desktop\Lab4_repo\Lab4\Core\Inc\stm32f1xx_hal_conf.h
2022-11-22 21:05:18,490 [WARN] IPConfigManager:3148 - IP not found : TIM
2022-11-22 21:05:18,490 [WARN] CodeGenerator:3268 - IP not found : null
2022-11-22 21:05:18,499 [INFO] CodeEngine:239 - oldGeneratedFile, C:\Users\PC\Desktop\Lab4_repo\Lab4\Core\Inc\main.h_save
2022-11-22 21:05:18,559 [INFO] CodeEngine:257 - Generated code: C:\Users\PC\Desktop\Lab4_repo\Lab4\Core\Inc\main.h
2022-11-22 21:05:18,568 [INFO] CodeEngine:239 - oldGeneratedFile, C:\Users\PC\Desktop\Lab4_repo\Lab4\Core\Src\main.c_save
2022-11-22 21:05:18,696 [INFO] CodeEngine:257 - Generated code: C:\Users\PC\Desktop\Lab4_repo\Lab4\Core\Src\main.c
2022-11-22 21:05:19,400 [INFO] ProjectBuilder:2578 - Time for Copy HAL[1] : 120mS.
2022-11-22 21:05:19,403 [INFO] ProjectBuilder:3622 - Project Generator version: 3.14.1
2022-11-22 21:05:19,794 [INFO] ConfigFileManager:1271 - The Die is : DIE412
2022-11-22 21:05:21,183 [INFO] ProjectBuilder:3789 - Time for Generating toolchain IDE Files: 1780mS.
2022-11-22 21:05:21,183 [INFO] ProjectBuilder:2457 - Time for Copy CMSIS : 0mS.
2022-11-22 21:05:21,185 [INFO] ProjectBuilder:2457 - Time for Copy CMSIS : 0mS.
2022-11-22 21:11:07,070 [INFO] UtilMem:74 - End SaveConfig() Used Memory: 689910200 Bytes (1065353216)
2022-11-22 21:11:08,385 [INFO] UtilMem:74 - End SaveConfig() Used Memory: 722300232 Bytes (1065353216)
2022-11-22 21:11:09,443 [INFO] UtilMem:74 - End SaveConfig() Used Memory: 774729032 Bytes (1065353216)
2022-11-22 21:11:09,737 [INFO] BlockDiagram:2740 - set Specific Code input for plugin: NVIC
2022-11-22 21:11:09,737 [INFO] BlockDiagram:2740 - set Specific Code input for plugin: SYS
2022-11-22 21:11:09,737 [INFO] BlockDiagram:2740 - set Specific Code input for plugin: GPIO
2022-11-22 21:11:09,737 [INFO] BlockDiagram:2740 - set Specific Code input for plugin: USART
2022-11-22 21:11:09,737 [INFO] BlockDiagram:2740 - set Specific Code input for plugin: RCC
2022-11-22 21:11:09,737 [INFO] BlockDiagram:2740 - set Specific Code input for plugin: TIM1_8F1
2022-11-22 21:11:09,738 [INFO] CodeGenerator:663 - code generatio: config db path: C:\ST\STM32CubeIDE_1.7.0\STM32CubeIDE\plugins\com.st.stm32cube.common.mx_6.3.0.202107141111\\db\
2022-11-22 21:11:09,973 [INFO] CodeEngine:239 - oldGeneratedFile, C:\Users\PC\Desktop\Lab4_repo\Lab4\MXTmpFiles\license.tmp_save
2022-11-22 21:11:10,020 [INFO] CodeEngine:257 - Generated code: C:\Users\PC\Desktop\Lab4_repo\Lab4\MXTmpFiles\license.tmp
2022-11-22 21:11:10,041 [INFO] CodeEngine:239 - oldGeneratedFile, C:\Users\PC\Desktop\Lab4_repo\Lab4\MXTmpFiles\gpio.tmp_save
2022-11-22 21:11:10,099 [INFO] CodeEngine:257 - Generated code: C:\Users\PC\Desktop\Lab4_repo\Lab4\MXTmpFiles\gpio.tmp
2022-11-22 21:11:10,199 [INFO] CodeEngine:239 - oldGeneratedFile, C:\Users\PC\Desktop\Lab4_repo\Lab4\Core\Src\stm32f1xx_it.c_save
2022-11-22 21:11:10,290 [INFO] CodeEngine:257 - Generated code: C:\Users\PC\Desktop\Lab4_repo\Lab4\Core\Src\stm32f1xx_it.c
2022-11-22 21:11:10,298 [INFO] CodeEngine:239 - oldGeneratedFile, C:\Users\PC\Desktop\Lab4_repo\Lab4\Core\Inc\stm32f1xx_it.h_save
2022-11-22 21:11:10,353 [INFO] CodeEngine:257 - Generated code: C:\Users\PC\Desktop\Lab4_repo\Lab4\Core\Inc\stm32f1xx_it.h
2022-11-22 21:11:10,364 [INFO] CodeEngine:239 - oldGeneratedFile, C:\Users\PC\Desktop\Lab4_repo\Lab4\Core\Src\stm32f1xx_hal_msp.c_save
2022-11-22 21:11:10,446 [INFO] CodeEngine:257 - Generated code: C:\Users\PC\Desktop\Lab4_repo\Lab4\Core\Src\stm32f1xx_hal_msp.c
2022-11-22 21:11:10,449 [INFO] CodeEngine:239 - oldGeneratedFile, C:\Users\PC\Desktop\Lab4_repo\Lab4\MXTmpFiles\system.tmp_save
2022-11-22 21:11:10,497 [INFO] CodeEngine:257 - Generated code: C:\Users\PC\Desktop\Lab4_repo\Lab4\MXTmpFiles\system.tmp
2022-11-22 21:11:10,510 [INFO] CodeEngine:239 - oldGeneratedFile, C:\Users\PC\Desktop\Lab4_repo\Lab4\Core\Inc\stm32f1xx_hal_conf.h_save
2022-11-22 21:11:10,585 [INFO] CodeEngine:257 - Generated code: C:\Users\PC\Desktop\Lab4_repo\Lab4\Core\Inc\stm32f1xx_hal_conf.h
2022-11-22 21:11:10,598 [WARN] IPConfigManager:3148 - IP not found : TIM
2022-11-22 21:11:10,599 [WARN] CodeGenerator:3268 - IP not found : null
2022-11-22 21:11:10,610 [INFO] CodeEngine:239 - oldGeneratedFile, C:\Users\PC\Desktop\Lab4_repo\Lab4\Core\Inc\main.h_save
2022-11-22 21:11:10,677 [INFO] CodeEngine:257 - Generated code: C:\Users\PC\Desktop\Lab4_repo\Lab4\Core\Inc\main.h
2022-11-22 21:11:10,686 [INFO] CodeEngine:239 - oldGeneratedFile, C:\Users\PC\Desktop\Lab4_repo\Lab4\Core\Src\main.c_save
2022-11-22 21:11:10,843 [INFO] CodeEngine:257 - Generated code: C:\Users\PC\Desktop\Lab4_repo\Lab4\Core\Src\main.c
2022-11-22 21:11:11,762 [INFO] ProjectBuilder:2578 - Time for Copy HAL[1] : 135mS.
2022-11-22 21:11:11,765 [INFO] ProjectBuilder:3622 - Project Generator version: 3.14.1
2022-11-22 21:11:12,175 [INFO] ConfigFileManager:1271 - The Die is : DIE412
2022-11-22 21:11:13,701 [INFO] ProjectBuilder:3789 - Time for Generating toolchain IDE Files: 1936mS.
2022-11-22 21:11:13,702 [INFO] ProjectBuilder:2457 - Time for Copy CMSIS : 0mS.
2022-11-22 21:11:13,704 [INFO] ProjectBuilder:2457 - Time for Copy CMSIS : 0mS.
2022-11-22 21:17:26,666 [INFO] NvicIntPanel:96 - NVIC parent = com.st.microxplorer.plugins.ip.nvic.MultiNvicIntPanel[,0,0,0x0,invalid,layout=javax.swing.BoxLayout,alignmentX=0.0,alignmentY=0.0,border=,flags=9,maximumSize=,minimumSize=,preferredSize=]
2022-11-22 21:24:11,588 [INFO] Gpio:254 - dependency for GPIO [USART1]
2022-11-22 21:24:18,711 [INFO] Gpio:254 - dependency for GPIO [USART1]
2022-11-22 21:24:18,803 [INFO] Gpio:254 - dependency for GPIO [USART1]
2022-11-22 21:24:21,725 [INFO] Gpio:254 - dependency for GPIO [USART1]
2022-11-22 21:24:21,823 [INFO] Gpio:254 - dependency for GPIO [USART1]
2022-11-22 21:24:31,689 [INFO] UtilMem:74 - End SaveConfig() Used Memory: 912607464 Bytes (1069547520)
2022-11-22 21:24:32,720 [INFO] UtilMem:74 - End SaveConfig() Used Memory: 947736808 Bytes (1069547520)
2022-11-22 21:24:33,882 [INFO] UtilMem:74 - End SaveConfig() Used Memory: 731598024 Bytes (1069547520)
2022-11-22 21:24:34,087 [INFO] BlockDiagram:2740 - set Specific Code input for plugin: NVIC
2022-11-22 21:24:34,087 [INFO] BlockDiagram:2740 - set Specific Code input for plugin: SYS
2022-11-22 21:24:34,087 [INFO] BlockDiagram:2740 - set Specific Code input for plugin: GPIO
2022-11-22 21:24:34,087 [INFO] BlockDiagram:2740 - set Specific Code input for plugin: USART
2022-11-22 21:24:34,087 [INFO] BlockDiagram:2740 - set Specific Code input for plugin: RCC
2022-11-22 21:24:34,087 [INFO] BlockDiagram:2740 - set Specific Code input for plugin: TIM1_8F1
2022-11-22 21:24:34,088 [INFO] CodeGenerator:663 - code generatio: config db path: C:\ST\STM32CubeIDE_1.7.0\STM32CubeIDE\plugins\com.st.stm32cube.common.mx_6.3.0.202107141111\\db\
2022-11-22 21:24:34,326 [INFO] CodeEngine:239 - oldGeneratedFile, C:\Users\PC\Desktop\Lab4_repo\Lab4\MXTmpFiles\license.tmp_save
2022-11-22 21:24:34,370 [INFO] CodeEngine:257 - Generated code: C:\Users\PC\Desktop\Lab4_repo\Lab4\MXTmpFiles\license.tmp
2022-11-22 21:24:34,411 [INFO] CodeEngine:239 - oldGeneratedFile, C:\Users\PC\Desktop\Lab4_repo\Lab4\MXTmpFiles\gpio.tmp_save
2022-11-22 21:24:34,460 [INFO] CodeEngine:257 - Generated code: C:\Users\PC\Desktop\Lab4_repo\Lab4\MXTmpFiles\gpio.tmp
2022-11-22 21:24:34,518 [INFO] CodeEngine:239 - oldGeneratedFile, C:\Users\PC\Desktop\Lab4_repo\Lab4\Core\Src\stm32f1xx_it.c_save
2022-11-22 21:24:34,592 [INFO] CodeEngine:257 - Generated code: C:\Users\PC\Desktop\Lab4_repo\Lab4\Core\Src\stm32f1xx_it.c
2022-11-22 21:24:34,600 [INFO] CodeEngine:239 - oldGeneratedFile, C:\Users\PC\Desktop\Lab4_repo\Lab4\Core\Inc\stm32f1xx_it.h_save
2022-11-22 21:24:34,663 [INFO] CodeEngine:257 - Generated code: C:\Users\PC\Desktop\Lab4_repo\Lab4\Core\Inc\stm32f1xx_it.h
2022-11-22 21:24:34,677 [INFO] CodeEngine:239 - oldGeneratedFile, C:\Users\PC\Desktop\Lab4_repo\Lab4\Core\Src\stm32f1xx_hal_msp.c_save
2022-11-22 21:24:34,785 [INFO] CodeEngine:257 - Generated code: C:\Users\PC\Desktop\Lab4_repo\Lab4\Core\Src\stm32f1xx_hal_msp.c
2022-11-22 21:24:34,789 [INFO] CodeEngine:239 - oldGeneratedFile, C:\Users\PC\Desktop\Lab4_repo\Lab4\MXTmpFiles\system.tmp_save
2022-11-22 21:24:34,843 [INFO] CodeEngine:257 - Generated code: C:\Users\PC\Desktop\Lab4_repo\Lab4\MXTmpFiles\system.tmp
2022-11-22 21:24:34,853 [INFO] CodeEngine:239 - oldGeneratedFile, C:\Users\PC\Desktop\Lab4_repo\Lab4\Core\Inc\stm32f1xx_hal_conf.h_save
2022-11-22 21:24:34,934 [INFO] CodeEngine:257 - Generated code: C:\Users\PC\Desktop\Lab4_repo\Lab4\Core\Inc\stm32f1xx_hal_conf.h
2022-11-22 21:24:34,952 [WARN] IPConfigManager:3148 - IP not found : TIM
2022-11-22 21:24:34,953 [WARN] CodeGenerator:3268 - IP not found : null
2022-11-22 21:24:34,966 [INFO] CodeEngine:239 - oldGeneratedFile, C:\Users\PC\Desktop\Lab4_repo\Lab4\Core\Inc\main.h_save
2022-11-22 21:24:35,053 [INFO] CodeEngine:257 - Generated code: C:\Users\PC\Desktop\Lab4_repo\Lab4\Core\Inc\main.h
2022-11-22 21:24:35,061 [INFO] CodeEngine:239 - oldGeneratedFile, C:\Users\PC\Desktop\Lab4_repo\Lab4\Core\Src\main.c_save
2022-11-22 21:24:35,216 [INFO] CodeEngine:257 - Generated code: C:\Users\PC\Desktop\Lab4_repo\Lab4\Core\Src\main.c
2022-11-22 21:24:35,961 [INFO] ProjectBuilder:2578 - Time for Copy HAL[1] : 127mS.
2022-11-22 21:24:35,964 [INFO] ProjectBuilder:3622 - Project Generator version: 3.14.1
2022-11-22 21:24:36,337 [INFO] ConfigFileManager:1271 - The Die is : DIE412
2022-11-22 21:24:37,806 [INFO] ProjectBuilder:3789 - Time for Generating toolchain IDE Files: 1842mS.
2022-11-22 21:24:37,807 [INFO] ProjectBuilder:2457 - Time for Copy CMSIS : 1mS.
2022-11-22 21:24:37,809 [INFO] ProjectBuilder:2457 - Time for Copy CMSIS : 0mS.
